13:02:00.445 [main] INFO  com.demo.baseutil.Basetest - 
13:02:00.452 [main] INFO  com.demo.baseutil.Basetest - Running locally JavaMail
13:02:00.564 [main] INFO  com.demo.baseutil.Basetest2 - Folder creation for Extent
13:02:00.571 [main] INFO  com.demo.baseutil.Basetest - ExtentDir:-C:\Users\Deepti Jindal\eclipse-workspace\com.NFR.Trace/reports/Automation Report- 03_22_2024_13_02_00/Report/03_22_2024_13_02_00
13:02:00.764 [main] INFO  com.demo.baseutil.Basetest - Report Initiated
13:02:00.766 [main] INFO  com.demo.baseutil.Basetest - Screenshot folder created
13:02:29.584 [main] INFO  com.demo.baseutil.Basetest - Validate Sign in with FarmtoPlate account is clickable
13:02:31.996 [main] INFO  com.demo.baseutil.Basetest - Clicked on : Sign in with FarmtoPlate account
13:02:32.016 [main] INFO  com.demo.baseutil.Basetest - Url contains farmtoplateapps.io/login
13:02:32.027 [main] INFO  com.demo.baseutil.Basetest - Sign in title matched
13:02:32.028 [main] INFO  com.demo.baseutil.Basetest - UI verified for Sigin page.
13:02:32.028 [main] INFO  com.demo.baseutil.Basetest - Sign in function call
13:02:32.028 [main] INFO  com.demo.baseutil.Basetest - Validate email address field is clicked is clickable
13:02:34.404 [main] INFO  com.demo.baseutil.Basetest - Clicked on : email address field is clicked
13:02:34.408 [main] INFO  com.demo.baseutil.Basetest - Enter the value into Email Id Entered
13:02:34.778 [main] INFO  com.demo.baseutil.Basetest - 139@yopmail.com typed into Email Id Entered
13:02:34.778 [main] INFO  com.demo.baseutil.Basetest - Validate Enter the password is clickable
13:02:37.204 [main] INFO  com.demo.baseutil.Basetest - Clicked on : Enter the password
13:02:37.204 [main] INFO  com.demo.baseutil.Basetest - Enter the value into Password Id Entered
13:02:37.462 [main] INFO  com.demo.baseutil.Basetest - Admin@1234 typed into Password Id Entered
13:02:37.462 [main] INFO  com.demo.baseutil.Basetest - Validate Press the signin button is clickable
13:02:40.963 [main] INFO  com.demo.baseutil.Basetest - Clicked on : Press the signin button
13:02:43.536 [main] INFO  com.demo.baseutil.Basetest - HomePage title  is matched
13:02:53.572 [main] INFO  com.demo.baseutil.Basetest - Validate click on trace is clickable
13:02:59.517 [main] INFO  com.demo.baseutil.Basetest - Clicked on : click on trace
13:03:01.522 [main] INFO  com.demo.baseutil.Basetest - Validate Network Management is clicked is clickable
13:03:04.203 [main] INFO  com.demo.baseutil.Basetest - Clicked on : Network Management is clicked
13:03:09.221 [main] INFO  com.demo.baseutil.Basetest - Validate Add new is clicked is clickable
13:03:11.836 [main] INFO  com.demo.baseutil.Basetest - Clicked on : Add new is clicked
13:03:13.851 [main] INFO  com.demo.baseutil.Basetest - Validate Organisation Name is clicked is clickable
13:03:16.215 [main] INFO  com.demo.baseutil.Basetest - Clicked on : Organisation Name is clicked
13:03:16.215 [main] INFO  com.demo.baseutil.Basetest - Enter the value into Organisation is Entered
13:03:16.674 [main] INFO  com.demo.baseutil.Basetest - I9OTSGAE typed into Organisation is Entered
13:03:16.674 [main] INFO  com.demo.baseutil.Basetest - Validate Organisation type is clicked is clickable
13:03:19.045 [main] INFO  com.demo.baseutil.Basetest - Clicked on : Organisation type is clicked
13:03:19.045 [main] INFO  com.demo.baseutil.Basetest - Validate upstream is selected is clickable
13:03:22.569 [main] INFO  com.demo.baseutil.Basetest - Clicked on : upstream is selected
13:03:22.569 [main] INFO  com.demo.baseutil.Basetest - Validate Organisation role is clicked is clickable
13:03:25.246 [main] INFO  com.demo.baseutil.Basetest - Clicked on : Organisation role is clicked
13:03:25.246 [main] INFO  com.demo.baseutil.Basetest - Validate Organisation role is selected is clickable
13:03:27.879 [main] INFO  com.demo.baseutil.Basetest - Clicked on : Organisation role is selected
13:03:27.879 [main] INFO  com.demo.baseutil.Basetest - Validate module is clicked is clickable
13:03:30.323 [main] INFO  com.demo.baseutil.Basetest - Clicked on : module is clicked
13:03:30.323 [main] INFO  com.demo.baseutil.Basetest - Validate module is selected is clickable
13:03:33.517 [main] INFO  com.demo.baseutil.Basetest - Clicked on : module is selected
13:03:33.517 [main] INFO  com.demo.baseutil.Basetest - Validate email field is clicked is clickable
13:03:36.485 [main] INFO  com.demo.baseutil.Basetest - Clicked on : email field is clicked
13:03:36.487 [main] INFO  com.demo.baseutil.Basetest - Enter the value into emailid is Entered
13:03:37.120 [main] INFO  com.demo.baseutil.Basetest - f7vOnsg3300@yopmail.com typed into emailid is Entered
13:03:38.129 [main] INFO  com.demo.baseutil.Basetest - Validate sendinvite button is clicked is clickable
13:03:41.294 [main] INFO  com.demo.baseutil.Basetest - Clicked on : sendinvite button is clicked
13:03:43.302 [main] INFO  com.demo.baseutil.Basetest - Validate submit is selected is clickable
13:03:45.788 [main] INFO  com.demo.baseutil.Basetest - Clicked on : submit is selected
13:03:58.237 [main] INFO  com.demo.baseutil.Basetest - Validate Email address input field is clicked is clickable
13:04:02.478 [main] INFO  com.demo.baseutil.Basetest - Clicked on : Email address input field is clicked
13:04:02.478 [main] INFO  com.demo.baseutil.Basetest - Enter the value into email address is entered
13:04:03.249 [main] INFO  com.demo.baseutil.Basetest - f7vOnsg3300@yopmail.com typed into email address is entered
13:04:03.249 [main] INFO  com.demo.baseutil.Basetest - Validate arrow button is clicked is clickable
13:04:21.920 [main] INFO  com.demo.baseutil.Basetest - Clicked on : arrow button is clicked
13:04:29.862 [main] INFO  com.demo.baseutil.Basetest - Validate first email is clicked is clickable
13:05:13.134 [main] ERROR com.demo.baseutil.Basetest - first email is clicked is not clickable
13:05:13.134 [main] ERROR com.demo.baseutil.Basetest - Unable to click on first email is clicked
