12:49:29.695 [main] INFO  com.demo.baseutil.Basetest - 
12:49:29.702 [main] INFO  com.demo.baseutil.Basetest - Running locally JavaMail
12:49:29.837 [main] INFO  com.demo.baseutil.Basetest - Folder creation for Extent
12:49:29.845 [main] INFO  com.demo.baseutil.Basetest - ExtentDir:-C:\Users\Deepti Jindal\eclipse-workspace\com.NFR.Trace/reports/Automation Report- 02_27_2024_12_49_29/Report/02_27_2024_12_49_29
12:49:30.025 [main] INFO  com.demo.baseutil.Basetest - Report Initiated
12:49:30.028 [main] INFO  com.demo.baseutil.Basetest - Screenshot folder created
12:49:53.092 [main] INFO  com.demo.testscripts.TracetestScript - Sign in function call
12:49:53.093 [main] INFO  com.demo.testscripts.TracetestScript - Validate email address field is clicked is clickable
12:49:54.199 [main] INFO  com.demo.testscripts.TracetestScript - Clicked on : email address field is clicked
12:49:54.214 [main] INFO  com.demo.testscripts.TracetestScript - Enter the value into Email Id Entered
12:49:54.908 [main] INFO  com.demo.testscripts.TracetestScript - utsav@paramountsoft.net typed into Email Id Entered
12:49:54.908 [main] INFO  com.demo.testscripts.TracetestScript - Validate Enter the password is clickable
12:49:55.184 [main] INFO  com.demo.testscripts.TracetestScript - Clicked on : Enter the password
12:49:55.184 [main] INFO  com.demo.testscripts.TracetestScript - Enter the value into Password Id Entered
12:49:55.558 [main] INFO  com.demo.testscripts.TracetestScript - Admin@1234 typed into Password Id Entered
12:49:55.559 [main] INFO  com.demo.testscripts.TracetestScript - Validate Press the signin button is clickable
12:49:56.949 [main] INFO  com.demo.testscripts.TracetestScript - Clicked on : Press the signin button
12:49:56.967 [main] INFO  com.demo.testscripts.TracetestScript - HomePage title  is matched
12:49:58.469 [main] INFO  com.demo.testscripts.TracetestScript - Validate Click on profile account is clickable
12:50:39.887 [main] ERROR com.demo.testscripts.TracetestScript - Click on profile account is not clickable
12:50:39.888 [main] ERROR com.demo.testscripts.TracetestScript - Unable to click on Click on profile account
