11:23:16.282 [main] INFO  com.demo.baseutil.Basetest - 
11:23:16.286 [main] INFO  com.demo.baseutil.Basetest - Running locally JavaMail
11:23:16.359 [main] INFO  com.demo.baseutil.Basetest2 - Folder creation for Extent
11:23:16.364 [main] INFO  com.demo.baseutil.Basetest - ExtentDir:-C:\Users\Deepti Jindal\eclipse-workspace\com.NFR.Trace/reports/Automation Report- 03_21_2024_11_23_16/Report/03_21_2024_11_23_16
11:23:16.450 [main] INFO  com.demo.baseutil.Basetest - Report Initiated
11:23:16.451 [main] INFO  com.demo.baseutil.Basetest - Screenshot folder created
11:24:35.676 [main] INFO  com.demo.baseutil.Basetest - Validate Sign in with FarmtoPlate account is clickable
11:24:38.487 [main] INFO  com.demo.baseutil.Basetest - Clicked on : Sign in with FarmtoPlate account
11:24:38.518 [main] INFO  com.demo.baseutil.Basetest - Url contains farmtoplateapps.io/login
11:24:38.534 [main] INFO  com.demo.baseutil.Basetest - Sign in title matched
11:24:38.534 [main] INFO  com.demo.baseutil.Basetest - UI verified for Sigin page.
11:24:38.534 [main] INFO  com.demo.baseutil.Basetest - Sign in function call
11:24:38.549 [main] INFO  com.demo.baseutil.Basetest - Validate email address field is clicked is clickable
11:24:41.276 [main] INFO  com.demo.baseutil.Basetest - Clicked on : email address field is clicked
11:24:41.278 [main] INFO  com.demo.baseutil.Basetest - Enter the value into Email Id Entered
11:24:41.736 [main] INFO  com.demo.baseutil.Basetest - 139@yopmail.com typed into Email Id Entered
11:24:41.736 [main] INFO  com.demo.baseutil.Basetest - Validate Enter the password is clickable
11:24:44.188 [main] INFO  com.demo.baseutil.Basetest - Clicked on : Enter the password
11:24:44.189 [main] INFO  com.demo.baseutil.Basetest - Enter the value into Password Id Entered
11:24:44.733 [main] INFO  com.demo.baseutil.Basetest - Admin@1234 typed into Password Id Entered
11:24:44.734 [main] INFO  com.demo.baseutil.Basetest - Validate Press the signin button is clickable
11:24:48.276 [main] INFO  com.demo.baseutil.Basetest - Clicked on : Press the signin button
11:24:55.811 [main] INFO  com.demo.baseutil.Basetest - HomePage title  is matched
11:25:05.824 [main] INFO  com.demo.baseutil.Basetest - Validate click on trace is clickable
11:25:08.620 [main] INFO  com.demo.baseutil.Basetest - Clicked on : click on trace
11:25:10.626 [main] INFO  com.demo.baseutil.Basetest - Validate click on dashboard is clickable
11:25:51.872 [main] ERROR com.demo.baseutil.Basetest - click on dashboard is not clickable
11:25:51.872 [main] ERROR com.demo.baseutil.Basetest - Unable to click on click on dashboard
