13:08:58.969 [main] INFO  com.demo.baseutil.Basetest - 
13:08:58.975 [main] INFO  com.demo.baseutil.Basetest - Running locally JavaMail
13:08:59.102 [main] INFO  com.demo.baseutil.Basetest2 - Folder creation for Extent
13:08:59.110 [main] INFO  com.demo.baseutil.Basetest - ExtentDir:-C:\Users\Deepti Jindal\eclipse-workspace\com.NFR.Trace/reports/Automation Report- 03_22_2024_13_08_59/Report/03_22_2024_13_08_59
13:08:59.236 [main] INFO  com.demo.baseutil.Basetest - Report Initiated
13:08:59.238 [main] INFO  com.demo.baseutil.Basetest - Screenshot folder created
13:09:29.329 [main] INFO  com.demo.baseutil.Basetest - Validate Sign in with FarmtoPlate account is clickable
13:09:31.877 [main] INFO  com.demo.baseutil.Basetest - Clicked on : Sign in with FarmtoPlate account
13:09:31.910 [main] INFO  com.demo.baseutil.Basetest - Url contains farmtoplateapps.io/login
13:09:31.923 [main] INFO  com.demo.baseutil.Basetest - Sign in title matched
13:09:31.923 [main] INFO  com.demo.baseutil.Basetest - UI verified for Sigin page.
13:09:31.923 [main] INFO  com.demo.baseutil.Basetest - Sign in function call
13:09:31.924 [main] INFO  com.demo.baseutil.Basetest - Validate email address field is clicked is clickable
13:09:34.398 [main] INFO  com.demo.baseutil.Basetest - Clicked on : email address field is clicked
13:09:34.398 [main] INFO  com.demo.baseutil.Basetest - Enter the value into Email Id Entered
13:09:34.782 [main] INFO  com.demo.baseutil.Basetest - 139@yopmail.com typed into Email Id Entered
13:09:34.783 [main] INFO  com.demo.baseutil.Basetest - Validate Enter the password is clickable
13:09:37.128 [main] INFO  com.demo.baseutil.Basetest - Clicked on : Enter the password
13:09:37.128 [main] INFO  com.demo.baseutil.Basetest - Enter the value into Password Id Entered
13:09:37.624 [main] INFO  com.demo.baseutil.Basetest - Admin@1234 typed into Password Id Entered
13:09:37.624 [main] INFO  com.demo.baseutil.Basetest - Validate Press the signin button is clickable
13:09:41.009 [main] INFO  com.demo.baseutil.Basetest - Clicked on : Press the signin button
13:09:48.186 [main] INFO  com.demo.baseutil.Basetest - HomePage title  is matched
13:09:58.213 [main] INFO  com.demo.baseutil.Basetest - Validate click on trace is clickable
13:10:00.814 [main] INFO  com.demo.baseutil.Basetest - Clicked on : click on trace
13:10:02.823 [main] INFO  com.demo.baseutil.Basetest - Validate Network Management is clicked is clickable
13:10:05.561 [main] INFO  com.demo.baseutil.Basetest - Clicked on : Network Management is clicked
13:10:10.579 [main] INFO  com.demo.baseutil.Basetest - Validate Add new is clicked is clickable
13:10:13.215 [main] INFO  com.demo.baseutil.Basetest - Clicked on : Add new is clicked
13:10:15.231 [main] INFO  com.demo.baseutil.Basetest - Validate Organisation Name is clicked is clickable
13:10:17.592 [main] INFO  com.demo.baseutil.Basetest - Clicked on : Organisation Name is clicked
13:10:17.592 [main] INFO  com.demo.baseutil.Basetest - Enter the value into Organisation is Entered
13:10:17.982 [main] INFO  com.demo.baseutil.Basetest - z1YQzQ2W typed into Organisation is Entered
13:10:17.982 [main] INFO  com.demo.baseutil.Basetest - Validate Organisation type is clicked is clickable
13:10:20.435 [main] INFO  com.demo.baseutil.Basetest - Clicked on : Organisation type is clicked
13:10:20.435 [main] INFO  com.demo.baseutil.Basetest - Validate upstream is selected is clickable
13:10:22.898 [main] INFO  com.demo.baseutil.Basetest - Clicked on : upstream is selected
13:10:22.899 [main] INFO  com.demo.baseutil.Basetest - Validate Organisation role is clicked is clickable
13:10:25.280 [main] INFO  com.demo.baseutil.Basetest - Clicked on : Organisation role is clicked
13:10:25.280 [main] INFO  com.demo.baseutil.Basetest - Validate Organisation role is selected is clickable
13:10:27.797 [main] INFO  com.demo.baseutil.Basetest - Clicked on : Organisation role is selected
13:10:27.797 [main] INFO  com.demo.baseutil.Basetest - Validate module is clicked is clickable
13:10:30.310 [main] INFO  com.demo.baseutil.Basetest - Clicked on : module is clicked
13:10:30.310 [main] INFO  com.demo.baseutil.Basetest - Validate module is selected is clickable
13:10:32.830 [main] INFO  com.demo.baseutil.Basetest - Clicked on : module is selected
13:10:32.830 [main] INFO  com.demo.baseutil.Basetest - Validate email field is clicked is clickable
13:10:35.315 [main] INFO  com.demo.baseutil.Basetest - Clicked on : email field is clicked
13:10:35.316 [main] INFO  com.demo.baseutil.Basetest - Enter the value into emailid is Entered
13:10:36.115 [main] INFO  com.demo.baseutil.Basetest - JvIQKKz9334@yopmail.com typed into emailid is Entered
13:10:37.128 [main] INFO  com.demo.baseutil.Basetest - Validate sendinvite button is clicked is clickable
13:10:39.742 [main] INFO  com.demo.baseutil.Basetest - Clicked on : sendinvite button is clicked
13:10:41.756 [main] INFO  com.demo.baseutil.Basetest - Validate submit is selected is clickable
13:10:44.177 [main] INFO  com.demo.baseutil.Basetest - Clicked on : submit is selected
13:10:59.425 [main] INFO  com.demo.baseutil.Basetest - Validate Email address input field is clicked is clickable
13:11:09.927 [main] INFO  com.demo.baseutil.Basetest - Clicked on : Email address input field is clicked
13:11:09.927 [main] INFO  com.demo.baseutil.Basetest - Enter the value into email address is entered
13:11:10.679 [main] INFO  com.demo.baseutil.Basetest - JvIQKKz9334@yopmail.com typed into email address is entered
13:11:10.679 [main] INFO  com.demo.baseutil.Basetest - Validate arrow button is clicked is clickable
13:11:16.207 [main] INFO  com.demo.baseutil.Basetest - Clicked on : arrow button is clicked
13:11:19.288 [main] INFO  com.demo.baseutil.Basetest - Validate first email is clicked is clickable
13:11:21.806 [main] INFO  com.demo.baseutil.Basetest - Clicked on : first email is clicked
13:11:23.900 [main] INFO  com.demo.baseutil.Basetest - Validate email address is clicked is clickable
13:11:26.693 [main] INFO  com.demo.baseutil.Basetest - Clicked on : email address is clicked
13:11:28.751 [main] INFO  com.demo.baseutil.Basetest - Validate pass is clicked is clickable
13:11:36.696 [main] INFO  com.demo.baseutil.Basetest - Clicked on : pass is clicked
13:11:36.697 [main] INFO  com.demo.baseutil.Basetest - Enter the value into Password is entered
13:11:37.210 [main] INFO  com.demo.baseutil.Basetest - Admin@1234 typed into Password is entered
13:11:37.210 [main] INFO  com.demo.baseutil.Basetest - Validate confirm password is clicked is clickable
13:11:39.589 [main] INFO  com.demo.baseutil.Basetest - Clicked on : confirm password is clicked
13:11:39.589 [main] INFO  com.demo.baseutil.Basetest - Enter the value into Confirm Password is entered
13:11:39.877 [main] INFO  com.demo.baseutil.Basetest - Admin@1234 typed into Confirm Password is entered
13:11:41.985 [main] INFO  com.demo.baseutil.Basetest - Scroll down
13:11:41.985 [main] INFO  com.demo.baseutil.Basetest - Validate button is clicked is clickable
13:11:44.814 [main] INFO  com.demo.baseutil.Basetest - Clicked on : button is clicked
13:11:46.816 [main] INFO  com.demo.baseutil.Basetest - Validate email address field is clicked is clickable
13:11:49.701 [main] INFO  com.demo.baseutil.Basetest - Clicked on : email address field is clicked
13:11:49.702 [main] INFO  com.demo.baseutil.Basetest - Enter the value into Email Id Entered
13:11:50.482 [main] INFO  com.demo.baseutil.Basetest - JvIQKKz9334@yopmail.com typed into Email Id Entered
13:11:50.492 [main] INFO  com.demo.baseutil.Basetest - Validate Enter the password is clickable
13:11:53.246 [main] INFO  com.demo.baseutil.Basetest - Clicked on : Enter the password
13:11:53.246 [main] INFO  com.demo.baseutil.Basetest - Enter the value into Password Id Entered
13:11:53.525 [main] INFO  com.demo.baseutil.Basetest - Admin@1234 typed into Password Id Entered
13:11:53.542 [main] INFO  com.demo.baseutil.Basetest - Scroll down
13:11:53.542 [main] INFO  com.demo.baseutil.Basetest - Validate Press the signin button is clickable
13:11:56.671 [main] INFO  com.demo.baseutil.Basetest - Clicked on : Press the signin button
13:11:59.684 [main] INFO  com.demo.baseutil.Basetest - Validate Press the signin button is clickable
13:12:05.410 [main] INFO  com.demo.baseutil.Basetest - Browser is closed sucessfuly
