17:51:09.593 [main] INFO  com.demo.baseutil.Basetest - 
17:51:09.603 [main] INFO  com.demo.baseutil.Basetest - Running locally JavaMail
17:51:09.700 [main] INFO  com.demo.baseutil.Basetest2 - Folder creation for Extent
17:51:09.705 [main] INFO  com.demo.baseutil.Basetest - ExtentDir:-C:\Users\Deepti Jindal\eclipse-workspace\com.NFR.Trace/reports/Automation Report- 03_21_2024_17_51_09/Report/03_21_2024_17_51_09
17:51:09.798 [main] INFO  com.demo.baseutil.Basetest - Report Initiated
17:51:09.799 [main] INFO  com.demo.baseutil.Basetest - Screenshot folder created
17:51:32.925 [main] INFO  com.demo.baseutil.Basetest - Validate Sign in with FarmtoPlate account is clickable
17:51:35.209 [main] INFO  com.demo.baseutil.Basetest - Clicked on : Sign in with FarmtoPlate account
17:51:35.222 [main] INFO  com.demo.baseutil.Basetest - Url contains farmtoplateapps.io/login
17:51:35.228 [main] INFO  com.demo.baseutil.Basetest - Sign in title matched
17:51:35.228 [main] INFO  com.demo.baseutil.Basetest - UI verified for Sigin page.
17:51:35.228 [main] INFO  com.demo.baseutil.Basetest - Sign in function call
17:51:35.228 [main] INFO  com.demo.baseutil.Basetest - Validate email address field is clicked is clickable
17:51:37.534 [main] INFO  com.demo.baseutil.Basetest - Clicked on : email address field is clicked
17:51:37.535 [main] INFO  com.demo.baseutil.Basetest - Enter the value into Email Id Entered
17:51:37.843 [main] INFO  com.demo.baseutil.Basetest - 139@yopmail.com typed into Email Id Entered
17:51:37.843 [main] INFO  com.demo.baseutil.Basetest - Validate Enter the password is clickable
17:51:40.087 [main] INFO  com.demo.baseutil.Basetest - Clicked on : Enter the password
17:51:40.088 [main] INFO  com.demo.baseutil.Basetest - Enter the value into Password Id Entered
17:51:40.326 [main] INFO  com.demo.baseutil.Basetest - Admin@1234 typed into Password Id Entered
17:51:40.327 [main] INFO  com.demo.baseutil.Basetest - Validate Press the signin button is clickable
17:51:43.210 [main] INFO  com.demo.baseutil.Basetest - Clicked on : Press the signin button
17:51:45.219 [main] INFO  com.demo.baseutil.Basetest - HomePage title  is matched
17:51:55.244 [main] INFO  com.demo.baseutil.Basetest - Validate click on trace is clickable
17:52:36.541 [main] ERROR com.demo.baseutil.Basetest - click on trace is not clickable
17:52:36.542 [main] ERROR com.demo.baseutil.Basetest - Unable to click on click on trace
