13:47:14.772 [main] INFO  com.demo.baseutil.Basetest - 
13:47:14.787 [main] INFO  com.demo.baseutil.Basetest - Running locally JavaMail
13:47:15.047 [main] INFO  com.demo.baseutil.Basetest2 - Folder creation for Extent
13:47:15.057 [main] INFO  com.demo.baseutil.Basetest - ExtentDir:-C:\Users\Deepti Jindal\eclipse-workspace\com.NFR.Trace/reports/Automation Report- 03_22_2024_13_47_15/Report/03_22_2024_13_47_15
13:47:15.308 [main] INFO  com.demo.baseutil.Basetest - Report Initiated
13:47:15.309 [main] INFO  com.demo.baseutil.Basetest - Screenshot folder created
13:47:48.459 [main] INFO  com.demo.baseutil.Basetest - Validate Sign in with FarmtoPlate account is clickable
13:47:51.612 [main] INFO  com.demo.baseutil.Basetest - Clicked on : Sign in with FarmtoPlate account
13:47:51.698 [main] INFO  com.demo.baseutil.Basetest - Url contains farmtoplateapps.io/login
13:47:51.739 [main] INFO  com.demo.baseutil.Basetest - Sign in title matched
13:47:51.740 [main] INFO  com.demo.baseutil.Basetest - UI verified for Sigin page.
13:47:51.740 [main] INFO  com.demo.baseutil.Basetest - Sign in function call
13:47:51.741 [main] INFO  com.demo.baseutil.Basetest - Validate email address field is clicked is clickable
13:47:54.552 [main] INFO  com.demo.baseutil.Basetest - Clicked on : email address field is clicked
13:47:54.555 [main] INFO  com.demo.baseutil.Basetest - Enter the value into Email Id Entered
13:47:55.237 [main] INFO  com.demo.baseutil.Basetest - 139@yopmail.com typed into Email Id Entered
13:47:55.238 [main] INFO  com.demo.baseutil.Basetest - Validate Enter the password is clickable
13:47:57.914 [main] INFO  com.demo.baseutil.Basetest - Clicked on : Enter the password
13:47:57.916 [main] INFO  com.demo.baseutil.Basetest - Enter the value into Password Id Entered
13:47:58.498 [main] INFO  com.demo.baseutil.Basetest - Admin@1234 typed into Password Id Entered
13:47:58.500 [main] INFO  com.demo.baseutil.Basetest - Validate Press the signin button is clickable
13:48:03.406 [main] INFO  com.demo.baseutil.Basetest - Clicked on : Press the signin button
13:48:05.438 [main] INFO  com.demo.baseutil.Basetest - HomePage title  is matched
13:48:15.460 [main] INFO  com.demo.baseutil.Basetest - Validate click on trace is clickable
13:48:22.393 [main] INFO  com.demo.baseutil.Basetest - Clicked on : click on trace
13:48:24.405 [main] INFO  com.demo.baseutil.Basetest - Validate click on dashboard is clickable
13:48:28.617 [main] INFO  com.demo.baseutil.Basetest - Clicked on : click on dashboard
13:48:30.643 [main] INFO  com.demo.baseutil.Basetest - Validate click on organisation network is clickable
13:48:36.160 [main] INFO  com.demo.baseutil.Basetest - Clicked on : click on organisation network
13:48:41.722 [main] INFO  com.demo.baseutil.Basetest - Sign in title matched
13:48:41.722 [main] INFO  com.demo.baseutil.Basetest - UI verified for Organisation network page.
13:48:43.808 [main] INFO  com.demo.baseutil.Basetest - Validate click on product register is clickable
13:48:46.905 [main] INFO  com.demo.baseutil.Basetest - Clicked on : click on product register
13:48:54.004 [main] INFO  com.demo.baseutil.Basetest - Sign in title matched
13:48:54.007 [main] INFO  com.demo.baseutil.Basetest - UI verified for Product page.
13:48:55.082 [main] INFO  com.demo.baseutil.Basetest - Validate click on lots is clickable
13:48:58.197 [main] INFO  com.demo.baseutil.Basetest - Clicked on : click on lots
13:49:04.493 [main] INFO  com.demo.baseutil.Basetest - Sign in title matched
13:49:04.493 [main] INFO  com.demo.baseutil.Basetest - UI verified for Lots page.
13:49:18.012 [main] INFO  com.demo.baseutil.Basetest - Validate Network Management is clicked is clickable
13:49:23.928 [main] INFO  com.demo.baseutil.Basetest - Clicked on : Network Management is clicked
13:49:28.946 [main] INFO  com.demo.baseutil.Basetest - Validate Add new is clicked is clickable
13:49:32.067 [main] INFO  com.demo.baseutil.Basetest - Clicked on : Add new is clicked
13:49:34.075 [main] INFO  com.demo.baseutil.Basetest - Validate Organisation Name is clicked is clickable
13:49:37.888 [main] INFO  com.demo.baseutil.Basetest - Clicked on : Organisation Name is clicked
13:49:37.901 [main] INFO  com.demo.baseutil.Basetest - Enter the value into Organisation is Entered
13:49:38.854 [main] INFO  com.demo.baseutil.Basetest - fAX4U5ct typed into Organisation is Entered
13:49:38.856 [main] INFO  com.demo.baseutil.Basetest - Validate Organisation type is clicked is clickable
13:49:42.575 [main] INFO  com.demo.baseutil.Basetest - Clicked on : Organisation type is clicked
13:49:42.588 [main] INFO  com.demo.baseutil.Basetest - Validate upstream is selected is clickable
13:49:46.741 [main] INFO  com.demo.baseutil.Basetest - Clicked on : upstream is selected
13:49:46.742 [main] INFO  com.demo.baseutil.Basetest - Validate Organisation role is clicked is clickable
13:49:49.432 [main] INFO  com.demo.baseutil.Basetest - Clicked on : Organisation role is clicked
13:49:49.434 [main] INFO  com.demo.baseutil.Basetest - Validate Organisation role is selected is clickable
13:49:53.269 [main] INFO  com.demo.baseutil.Basetest - Clicked on : Organisation role is selected
13:49:53.272 [main] INFO  com.demo.baseutil.Basetest - Validate module is clicked is clickable
13:49:56.209 [main] INFO  com.demo.baseutil.Basetest - Clicked on : module is clicked
13:49:56.212 [main] INFO  com.demo.baseutil.Basetest - Validate module is selected is clickable
13:49:59.260 [main] INFO  com.demo.baseutil.Basetest - Clicked on : module is selected
13:49:59.270 [main] INFO  com.demo.baseutil.Basetest - Validate email field is clicked is clickable
13:50:02.575 [main] INFO  com.demo.baseutil.Basetest - Clicked on : email field is clicked
13:50:02.579 [main] INFO  com.demo.baseutil.Basetest - Enter the value into emailid is Entered
13:50:04.003 [main] INFO  com.demo.baseutil.Basetest - ldeKkEnq362@yopmail.com typed into emailid is Entered
13:50:05.025 [main] INFO  com.demo.baseutil.Basetest - Validate sendinvite button is clicked is clickable
13:50:08.435 [main] INFO  com.demo.baseutil.Basetest - Clicked on : sendinvite button is clicked
13:50:10.456 [main] INFO  com.demo.baseutil.Basetest - Validate submit is selected is clickable
13:50:13.609 [main] INFO  com.demo.baseutil.Basetest - Clicked on : submit is selected
13:50:29.331 [main] INFO  com.demo.baseutil.Basetest - Validate Email address input field is clicked is clickable
13:50:40.049 [main] INFO  com.demo.baseutil.Basetest - Clicked on : Email address input field is clicked
13:50:40.051 [main] INFO  com.demo.baseutil.Basetest - Enter the value into email address is entered
13:50:41.186 [main] INFO  com.demo.baseutil.Basetest - ldeKkEnq362@yopmail.com typed into email address is entered
13:50:41.186 [main] INFO  com.demo.baseutil.Basetest - Validate arrow button is clicked is clickable
13:50:46.783 [main] INFO  com.demo.baseutil.Basetest - Clicked on : arrow button is clicked
13:50:49.950 [main] INFO  com.demo.baseutil.Basetest - Validate first email is clicked is clickable
13:50:52.886 [main] INFO  com.demo.baseutil.Basetest - Clicked on : first email is clicked
13:50:55.029 [main] INFO  com.demo.baseutil.Basetest - Validate email address is clicked is clickable
13:50:58.120 [main] INFO  com.demo.baseutil.Basetest - Clicked on : email address is clicked
13:51:00.173 [main] INFO  com.demo.baseutil.Basetest - Validate pass is clicked is clickable
13:51:10.935 [main] INFO  com.demo.baseutil.Basetest - Clicked on : pass is clicked
13:51:10.937 [main] INFO  com.demo.baseutil.Basetest - Enter the value into Password is entered
13:51:11.679 [main] INFO  com.demo.baseutil.Basetest - Admin@1234 typed into Password is entered
13:51:11.682 [main] INFO  com.demo.baseutil.Basetest - Validate confirm password is clicked is clickable
13:51:14.352 [main] INFO  com.demo.baseutil.Basetest - Clicked on : confirm password is clicked
13:51:14.356 [main] INFO  com.demo.baseutil.Basetest - Enter the value into Confirm Password is entered
13:51:14.883 [main] INFO  com.demo.baseutil.Basetest - Admin@1234 typed into Confirm Password is entered
13:51:16.962 [main] INFO  com.demo.baseutil.Basetest - Scroll down
13:51:16.964 [main] INFO  com.demo.baseutil.Basetest - Validate button is clicked is clickable
13:51:20.938 [main] INFO  com.demo.baseutil.Basetest - Clicked on : button is clicked
13:51:22.950 [main] INFO  com.demo.baseutil.Basetest - Validate email address field is clicked is clickable
13:51:27.476 [main] INFO  com.demo.baseutil.Basetest - Clicked on : email address field is clicked
13:51:27.477 [main] INFO  com.demo.baseutil.Basetest - Enter the value into Email Id Entered
13:51:28.560 [main] INFO  com.demo.baseutil.Basetest - ldeKkEnq362@yopmail.com typed into Email Id Entered
13:51:28.562 [main] INFO  com.demo.baseutil.Basetest - Validate Enter the password is clickable
13:51:31.372 [main] INFO  com.demo.baseutil.Basetest - Clicked on : Enter the password
13:51:31.375 [main] INFO  com.demo.baseutil.Basetest - Enter the value into Password Id Entered
13:51:31.998 [main] INFO  com.demo.baseutil.Basetest - Admin@1234 typed into Password Id Entered
13:51:32.025 [main] INFO  com.demo.baseutil.Basetest - Scroll down
13:51:32.027 [main] INFO  com.demo.baseutil.Basetest - Validate Press the signin button is clickable
13:51:36.455 [main] INFO  com.demo.baseutil.Basetest - Clicked on : Press the signin button
13:51:42.464 [main] INFO  com.demo.baseutil.Basetest - Validate Press the signin button is clickable
13:51:49.694 [main] INFO  com.demo.baseutil.Basetest - Clicked on : Press the signin button
13:51:50.707 [main] INFO  com.demo.baseutil.Basetest - Validate Press the button is clickable
13:51:53.698 [main] INFO  com.demo.baseutil.Basetest - Clicked on : Press the button
13:51:56.702 [main] INFO  com.demo.baseutil.Basetest - Validate Press the signin button is clickable
13:51:59.351 [main] INFO  com.demo.baseutil.Basetest - Clicked on : Press the signin button
13:52:01.251 [main] INFO  com.demo.baseutil.Basetest - Scroll down
13:52:01.252 [main] INFO  com.demo.baseutil.Basetest - Validate Press the signin button is clickable
13:52:04.409 [main] INFO  com.demo.baseutil.Basetest - Clicked on : Press the signin button
13:52:04.411 [main] INFO  com.demo.baseutil.Basetest - Validate Press the button is clickable
13:52:07.171 [main] INFO  com.demo.baseutil.Basetest - Clicked on : Press the button
13:52:08.230 [main] INFO  com.demo.baseutil.Basetest - Browser is closed sucessfuly
