15:34:28.262 [main] INFO  com.demo.baseutil.Basetest - 
15:34:28.271 [main] INFO  com.demo.baseutil.Basetest - Running locally JavaMail
15:34:28.443 [main] INFO  com.demo.baseutil.Basetest2 - Folder creation for Extent
15:34:28.453 [main] INFO  com.demo.baseutil.Basetest - ExtentDir:-C:\Users\Deepti Jindal\eclipse-workspace\com.NFR.Trace/reports/Automation Report- 03_27_2024_15_34_28/Report/03_27_2024_15_34_28
15:34:28.653 [main] INFO  com.demo.baseutil.Basetest - Report Initiated
15:34:28.655 [main] INFO  com.demo.baseutil.Basetest - Screenshot folder created
15:35:44.952 [main] INFO  com.demo.baseutil.Basetest - Validate Sign in with FarmtoPlate account is clickable
15:35:47.659 [main] INFO  com.demo.baseutil.Basetest - Clicked on : Sign in with FarmtoPlate account
15:35:47.704 [main] INFO  com.demo.baseutil.Basetest - Url contains farmtoplateapps.io/login
15:35:47.725 [main] INFO  com.demo.baseutil.Basetest - Sign in title matched
15:35:47.727 [main] INFO  com.demo.baseutil.Basetest - UI verified for Sigin page.
15:35:47.729 [main] INFO  com.demo.baseutil.Basetest - Sign in function call
15:35:47.730 [main] INFO  com.demo.baseutil.Basetest - Validate email address field is clicked is clickable
15:35:50.208 [main] INFO  com.demo.baseutil.Basetest - Clicked on : email address field is clicked
15:35:50.211 [main] INFO  com.demo.baseutil.Basetest - Enter the value into Email Id Entered
15:35:50.699 [main] INFO  com.demo.baseutil.Basetest - 139@yopmail.com typed into Email Id Entered
15:35:50.699 [main] INFO  com.demo.baseutil.Basetest - Validate Enter the password is clickable
15:35:53.025 [main] INFO  com.demo.baseutil.Basetest - Clicked on : Enter the password
15:35:53.026 [main] INFO  com.demo.baseutil.Basetest - Enter the value into Password Id Entered
15:35:53.281 [main] INFO  com.demo.baseutil.Basetest - Admin@1234 typed into Password Id Entered
15:35:53.281 [main] INFO  com.demo.baseutil.Basetest - Validate Press the signin button is clickable
15:35:56.858 [main] INFO  com.demo.baseutil.Basetest - Clicked on : Press the signin button
15:35:58.883 [main] INFO  com.demo.baseutil.Basetest - HomePage title  is matched
15:36:09.061 [main] INFO  com.demo.baseutil.Basetest - Validate click on trace is clickable
15:36:42.044 [main] ERROR com.demo.baseutil.Basetest - click on trace is not clickable
15:36:42.049 [main] ERROR com.demo.baseutil.Basetest - Unable to click on click on trace
15:36:42.627 [main] INFO  com.demo.baseutil.Basetest - Browser is closed sucessfuly
