11:54:17.872 [main] INFO  com.demo.baseutil.Basetest - 
11:54:17.889 [main] INFO  com.demo.baseutil.Basetest - Running locally JavaMail
11:54:18.065 [main] INFO  com.demo.baseutil.Basetest - Folder creation for Extent
11:54:18.075 [main] INFO  com.demo.baseutil.Basetest - ExtentDir:-C:\Users\Deepti Jindal\eclipse-workspace\com.NFR.Trace/reports/Automation Report- 02_27_2024_11_54_18/Report/02_27_2024_11_54_18
11:54:18.318 [main] INFO  com.demo.baseutil.Basetest - Report Initiated
11:54:18.319 [main] INFO  com.demo.baseutil.Basetest - Screenshot folder created
11:54:41.485 [main] INFO  com.demo.testscripts.TracetestScript - Sign in function call
11:54:41.486 [main] INFO  com.demo.testscripts.TracetestScript - Validate email address field is clicked is clickable
11:54:42.745 [main] INFO  com.demo.testscripts.TracetestScript - Clicked on : email address field is clicked
11:54:42.767 [main] INFO  com.demo.testscripts.TracetestScript - Enter the value into Email Id Entered
11:54:43.310 [main] INFO  com.demo.testscripts.TracetestScript - utsav@paramountsoft.net typed into Email Id Entered
11:54:43.311 [main] INFO  com.demo.testscripts.TracetestScript - Validate Enter the password is clickable
11:54:43.678 [main] INFO  com.demo.testscripts.TracetestScript - Clicked on : Enter the password
11:54:43.679 [main] INFO  com.demo.testscripts.TracetestScript - Enter the value into Password Id Entered
11:54:44.093 [main] INFO  com.demo.testscripts.TracetestScript - Admin@1234 typed into Password Id Entered
11:54:44.093 [main] INFO  com.demo.testscripts.TracetestScript - Validate Press the signin button is clickable
11:54:45.650 [main] INFO  com.demo.testscripts.TracetestScript - Clicked on : Press the signin button
11:54:45.668 [main] INFO  com.demo.testscripts.TracetestScript - HomePage title  is matched
11:54:56.341 [main] INFO  com.demo.testscripts.TracetestScript - Validate Logout the Farm2Plate account is clickable
11:55:26.455 [main] ERROR com.demo.testscripts.TracetestScript - Logout the Farm2Plate account is not clickable
11:55:26.456 [main] ERROR com.demo.testscripts.TracetestScript - Unable to click on Logout the Farm2Plate account
