11:38:55.347 [main] INFO  com.demo.baseutil.Basetest - 
11:38:55.354 [main] INFO  com.demo.baseutil.Basetest - Running locally JavaMail
11:38:55.529 [main] INFO  com.demo.baseutil.Basetest2 - Folder creation for Extent
11:38:55.543 [main] INFO  com.demo.baseutil.Basetest - ExtentDir:-C:\Users\Deepti Jindal\eclipse-workspace\com.NFR.Trace/reports/Automation Report- 03_22_2024_11_38_55/Report/03_22_2024_11_38_55
11:38:55.765 [main] INFO  com.demo.baseutil.Basetest - Report Initiated
11:38:55.767 [main] INFO  com.demo.baseutil.Basetest - Screenshot folder created
11:39:22.484 [main] INFO  com.demo.baseutil.Basetest - Validate Sign in with FarmtoPlate account is clickable
11:39:25.023 [main] INFO  com.demo.baseutil.Basetest - Clicked on : Sign in with FarmtoPlate account
11:39:25.060 [main] INFO  com.demo.baseutil.Basetest - Url contains farmtoplateapps.io/login
11:39:25.073 [main] INFO  com.demo.baseutil.Basetest - Sign in title matched
11:39:25.074 [main] INFO  com.demo.baseutil.Basetest - UI verified for Sigin page.
11:39:25.074 [main] INFO  com.demo.baseutil.Basetest - Sign in function call
11:39:25.074 [main] INFO  com.demo.baseutil.Basetest - Validate email address field is clicked is clickable
11:39:27.580 [main] INFO  com.demo.baseutil.Basetest - Clicked on : email address field is clicked
11:39:27.581 [main] INFO  com.demo.baseutil.Basetest - Enter the value into Email Id Entered
11:39:28.075 [main] INFO  com.demo.baseutil.Basetest - 139@yopmail.com typed into Email Id Entered
11:39:28.077 [main] INFO  com.demo.baseutil.Basetest - Validate Enter the password is clickable
11:39:30.542 [main] INFO  com.demo.baseutil.Basetest - Clicked on : Enter the password
11:39:30.544 [main] INFO  com.demo.baseutil.Basetest - Enter the value into Password Id Entered
11:39:31.025 [main] INFO  com.demo.baseutil.Basetest - Admin@1234 typed into Password Id Entered
11:39:31.026 [main] INFO  com.demo.baseutil.Basetest - Validate Press the signin button is clickable
11:39:34.500 [main] INFO  com.demo.baseutil.Basetest - Clicked on : Press the signin button
11:39:40.238 [main] INFO  com.demo.baseutil.Basetest - HomePage title  is matched
11:39:50.249 [main] INFO  com.demo.baseutil.Basetest - Validate click on trace is clickable
11:39:52.850 [main] INFO  com.demo.baseutil.Basetest - Clicked on : click on trace
11:39:54.862 [main] INFO  com.demo.baseutil.Basetest - Validate click on dashboard is clickable
11:39:57.744 [main] INFO  com.demo.baseutil.Basetest - Clicked on : click on dashboard
11:39:59.760 [main] INFO  com.demo.baseutil.Basetest - Validate click on organisation network is clickable
11:40:02.365 [main] INFO  com.demo.baseutil.Basetest - Clicked on : click on organisation network
11:40:07.472 [main] INFO  com.demo.baseutil.Basetest - Sign in title matched
11:40:07.472 [main] INFO  com.demo.baseutil.Basetest - UI verified for Organisation network page.
11:40:09.589 [main] INFO  com.demo.baseutil.Basetest - Validate click on product register is clickable
11:40:12.071 [main] INFO  com.demo.baseutil.Basetest - Clicked on : click on product register
11:40:19.132 [main] INFO  com.demo.baseutil.Basetest - Sign in title matched
11:40:19.133 [main] INFO  com.demo.baseutil.Basetest - UI verified for Product page.
11:40:20.190 [main] INFO  com.demo.baseutil.Basetest - Validate click on lots is clickable
11:40:22.767 [main] INFO  com.demo.baseutil.Basetest - Clicked on : click on lots
11:40:28.872 [main] INFO  com.demo.baseutil.Basetest - Sign in title matched
11:40:28.872 [main] INFO  com.demo.baseutil.Basetest - UI verified for Lots page.
11:40:31.354 [main] INFO  com.demo.baseutil.Basetest - Validate Network Management is clicked is clickable
11:40:34.397 [main] INFO  com.demo.baseutil.Basetest - Clicked on : Network Management is clicked
11:40:39.399 [main] INFO  com.demo.baseutil.Basetest - Validate Add new is clicked is clickable
11:40:42.771 [main] INFO  com.demo.baseutil.Basetest - Clicked on : Add new is clicked
11:40:44.781 [main] INFO  com.demo.baseutil.Basetest - Validate Organisation Name is clicked is clickable
11:40:47.381 [main] INFO  com.demo.baseutil.Basetest - Clicked on : Organisation Name is clicked
11:40:47.387 [main] INFO  com.demo.baseutil.Basetest - Enter the value into Organisation is Entered
11:40:47.944 [main] INFO  com.demo.baseutil.Basetest - D7Q9jyLS typed into Organisation is Entered
11:40:47.956 [main] INFO  com.demo.baseutil.Basetest - Validate Organisation type is clicked is clickable
11:40:50.450 [main] INFO  com.demo.baseutil.Basetest - Clicked on : Organisation type is clicked
11:40:50.451 [main] INFO  com.demo.baseutil.Basetest - Validate upstream is selected is clickable
11:40:53.023 [main] INFO  com.demo.baseutil.Basetest - Clicked on : upstream is selected
11:40:53.024 [main] INFO  com.demo.baseutil.Basetest - Validate Organisation role is clicked is clickable
11:40:55.586 [main] INFO  com.demo.baseutil.Basetest - Clicked on : Organisation role is clicked
11:40:55.588 [main] INFO  com.demo.baseutil.Basetest - Validate Organisation role is selected is clickable
11:40:58.464 [main] INFO  com.demo.baseutil.Basetest - Clicked on : Organisation role is selected
11:40:58.465 [main] INFO  com.demo.baseutil.Basetest - Validate module is clicked is clickable
11:41:00.953 [main] INFO  com.demo.baseutil.Basetest - Clicked on : module is clicked
11:41:00.954 [main] INFO  com.demo.baseutil.Basetest - Validate module is selected is clickable
11:41:03.491 [main] INFO  com.demo.baseutil.Basetest - Clicked on : module is selected
11:41:03.492 [main] INFO  com.demo.baseutil.Basetest - Validate email field is clicked is clickable
11:41:05.947 [main] INFO  com.demo.baseutil.Basetest - Clicked on : email field is clicked
11:41:05.950 [main] INFO  com.demo.baseutil.Basetest - Enter the value into emailid is Entered
11:41:06.736 [main] INFO  com.demo.baseutil.Basetest - 411@yopmail.com typed into emailid is Entered
11:41:07.758 [main] INFO  com.demo.baseutil.Basetest - Validate Db is selected is clickable
11:41:10.636 [main] INFO  com.demo.baseutil.Basetest - Clicked on : Db is selected
11:41:13.207 [main] INFO  com.demo.baseutil.Basetest - Browser is closed sucessfuly
