19:19:50.829 [main] INFO  com.demo.baseutil.Basetest - 
19:19:50.833 [main] INFO  com.demo.baseutil.Basetest - Running locally JavaMail
19:19:50.913 [main] INFO  com.demo.baseutil.Basetest2 - Folder creation for Extent
19:19:50.920 [main] INFO  com.demo.baseutil.Basetest - ExtentDir:-C:\Users\Deepti Jindal\eclipse-workspace\com.NFR.Trace/reports/Automation Report- 03_20_2024_19_19_50/Report/03_20_2024_19_19_50
19:19:51.012 [main] INFO  com.demo.baseutil.Basetest - Report Initiated
19:19:51.013 [main] INFO  com.demo.baseutil.Basetest - Screenshot folder created
19:20:13.130 [main] INFO  com.demo.baseutil.Basetest - Validate Sign in with FarmtoPlate account is clickable
19:20:15.424 [main] INFO  com.demo.baseutil.Basetest - Clicked on : Sign in with FarmtoPlate account
19:20:15.437 [main] INFO  com.demo.baseutil.Basetest - Url contains farmtoplateapps.io/login
19:20:15.444 [main] INFO  com.demo.baseutil.Basetest - Sign in title matched
19:20:15.445 [main] INFO  com.demo.baseutil.Basetest - UI verified for Sigin page.
19:20:15.445 [main] INFO  com.demo.baseutil.Basetest - Sign in function call
19:20:15.445 [main] INFO  com.demo.baseutil.Basetest - Validate email address field is clicked is clickable
19:20:17.750 [main] INFO  com.demo.baseutil.Basetest - Clicked on : email address field is clicked
19:20:17.750 [main] INFO  com.demo.baseutil.Basetest - Enter the value into Email Id Entered
19:20:18.004 [main] INFO  com.demo.baseutil.Basetest - 139@yopmail.com typed into Email Id Entered
19:20:18.005 [main] INFO  com.demo.baseutil.Basetest - Validate Enter the password is clickable
19:20:20.332 [main] INFO  com.demo.baseutil.Basetest - Clicked on : Enter the password
19:20:20.332 [main] INFO  com.demo.baseutil.Basetest - Enter the value into Password Id Entered
19:20:20.577 [main] INFO  com.demo.baseutil.Basetest - Admin@1234 typed into Password Id Entered
19:20:20.577 [main] INFO  com.demo.baseutil.Basetest - Validate Press the signin button is clickable
19:20:23.316 [main] INFO  com.demo.baseutil.Basetest - Clicked on : Press the signin button
19:20:28.254 [main] INFO  com.demo.baseutil.Basetest - HomePage title  is matched
19:20:30.676 [main] INFO  com.demo.baseutil.Basetest - Browser is closed sucessfuly
19:21:00.302 [main] INFO  com.demo.baseutil.Basetest - Validate click on trace is clickable
19:21:30.468 [main] ERROR com.demo.baseutil.Basetest - click on trace is not clickable
19:21:30.468 [main] ERROR com.demo.baseutil.Basetest - Unable to click on click on trace
