11:47:34.311 [main] INFO  com.demo.baseutil.Basetest - 
11:47:34.334 [main] INFO  com.demo.baseutil.Basetest - Running locally JavaMail
11:47:34.727 [main] INFO  com.demo.baseutil.Basetest2 - Folder creation for Extent
11:47:34.758 [main] INFO  com.demo.baseutil.Basetest - ExtentDir:-C:\Users\Deepti Jindal\eclipse-workspace\com.NFR.Trace/reports/Automation Report- 03_27_2024_11_47_34/Report/03_27_2024_11_47_34
11:47:35.022 [main] INFO  com.demo.baseutil.Basetest - Report Initiated
11:47:35.023 [main] INFO  com.demo.baseutil.Basetest - Screenshot folder created
11:48:21.364 [main] INFO  com.demo.baseutil.Basetest - Validate Sign in with FarmtoPlate account is clickable
11:48:24.556 [main] INFO  com.demo.baseutil.Basetest - Clicked on : Sign in with FarmtoPlate account
11:48:24.627 [main] INFO  com.demo.baseutil.Basetest - Url contains farmtoplateapps.io/login
11:48:24.669 [main] INFO  com.demo.baseutil.Basetest - Sign in title matched
11:48:24.672 [main] INFO  com.demo.baseutil.Basetest - UI verified for Sigin page.
11:48:24.673 [main] INFO  com.demo.baseutil.Basetest - Sign in function call
11:48:24.673 [main] INFO  com.demo.baseutil.Basetest - Validate email address field is clicked is clickable
11:48:27.611 [main] INFO  com.demo.baseutil.Basetest - Clicked on : email address field is clicked
11:48:27.613 [main] INFO  com.demo.baseutil.Basetest - Enter the value into Email Id Entered
11:48:28.288 [main] INFO  com.demo.baseutil.Basetest - 139@yopmail.com typed into Email Id Entered
11:48:28.291 [main] INFO  com.demo.baseutil.Basetest - Validate Enter the password is clickable
11:48:30.989 [main] INFO  com.demo.baseutil.Basetest - Clicked on : Enter the password
11:48:30.991 [main] INFO  com.demo.baseutil.Basetest - Enter the value into Password Id Entered
11:48:31.466 [main] INFO  com.demo.baseutil.Basetest - Admin@1234 typed into Password Id Entered
11:48:31.467 [main] INFO  com.demo.baseutil.Basetest - Validate Press the signin button is clickable
11:48:36.051 [main] INFO  com.demo.baseutil.Basetest - Clicked on : Press the signin button
11:48:44.610 [main] INFO  com.demo.baseutil.Basetest - HomePage title  is matched
11:48:54.637 [main] INFO  com.demo.baseutil.Basetest - Validate click on trace is clickable
11:48:57.727 [main] INFO  com.demo.baseutil.Basetest - Clicked on : click on trace
11:49:05.863 [main] INFO  com.demo.baseutil.Basetest - Scroll down
11:49:07.874 [main] INFO  com.demo.baseutil.Basetest - Validate Products is clicked is clickable
11:49:11.463 [main] INFO  com.demo.baseutil.Basetest - Clicked on : Products is clicked
11:49:16.489 [main] INFO  com.demo.baseutil.Basetest - Validate Add new is clicked is clickable
11:49:19.791 [main] INFO  com.demo.baseutil.Basetest - Clicked on : Add new is clicked
11:49:21.796 [main] INFO  com.demo.baseutil.Basetest - Validate Click on productcategory is clickable
11:49:24.477 [main] INFO  com.demo.baseutil.Basetest - Clicked on : Click on productcategory
11:49:24.479 [main] INFO  com.demo.baseutil.Basetest - Validate productbasedfood is clicked is clickable
11:49:27.220 [main] INFO  com.demo.baseutil.Basetest - Clicked on : productbasedfood is clicked
11:49:27.223 [main] INFO  com.demo.baseutil.Basetest - Validate product name is selected is clickable
11:49:29.823 [main] INFO  com.demo.baseutil.Basetest - Clicked on : product name is selected
11:49:29.825 [main] INFO  com.demo.baseutil.Basetest - Enter the value into enter the product
11:49:30.652 [main] INFO  com.demo.baseutil.Basetest - wheat52 typed into enter the product
11:49:30.654 [main] INFO  com.demo.baseutil.Basetest - Validate Click on productid is clickable
11:49:33.304 [main] INFO  com.demo.baseutil.Basetest - Clicked on : Click on productid
11:49:33.305 [main] INFO  com.demo.baseutil.Basetest - Validate Click on checkbox is clickable
11:49:36.012 [main] INFO  com.demo.baseutil.Basetest - Clicked on : Click on checkbox
11:49:36.018 [main] INFO  com.demo.baseutil.Basetest - Validate Click on autogenerate is clickable
11:49:38.854 [main] INFO  com.demo.baseutil.Basetest - Clicked on : Click on autogenerate
11:49:38.858 [main] INFO  com.demo.baseutil.Basetest - Validate Click on productdesc is clickable
11:49:41.626 [main] INFO  com.demo.baseutil.Basetest - Clicked on : Click on productdesc
11:49:41.628 [main] INFO  com.demo.baseutil.Basetest - Enter the value into Enetered the product desc
11:49:42.112 [main] INFO  com.demo.baseutil.Basetest - test typed into Enetered the product desc
11:49:42.113 [main] INFO  com.demo.baseutil.Basetest - Validate Click on upload is clickable
11:49:45.064 [main] INFO  com.demo.baseutil.Basetest - Clicked on : Click on upload
11:49:50.244 [main] INFO  com.demo.baseutil.Basetest - Scroll down
11:49:50.247 [main] INFO  com.demo.baseutil.Basetest - Validate Click on ingrediant name is clickable
11:49:53.504 [main] INFO  com.demo.baseutil.Basetest - Clicked on : Click on ingrediant name
11:49:53.505 [main] INFO  com.demo.baseutil.Basetest - Enter the value into ingredient name is entered
11:49:54.104 [main] INFO  com.demo.baseutil.Basetest - wheat typed into ingredient name is entered
11:49:55.153 [main] INFO  com.demo.baseutil.Basetest - Scroll down
11:49:57.170 [main] INFO  com.demo.baseutil.Basetest - Validate Click on ingrediant name is clickable
11:49:59.913 [main] INFO  com.demo.baseutil.Basetest - Clicked on : Click on ingrediant name
11:49:59.914 [main] INFO  com.demo.baseutil.Basetest - Enter the value into nutri name is entered
11:50:00.729 [main] INFO  com.demo.baseutil.Basetest - fact typed into nutri name is entered
11:50:00.734 [main] INFO  com.demo.baseutil.Basetest - Validate Click on ingrediant QTY is clickable
11:50:03.539 [main] INFO  com.demo.baseutil.Basetest - Clicked on : Click on ingrediant QTY
11:50:03.541 [main] INFO  com.demo.baseutil.Basetest - Enter the value into nutri qty is entered
11:50:04.160 [main] INFO  com.demo.baseutil.Basetest - 1 typed into nutri qty is entered
11:50:04.161 [main] INFO  com.demo.baseutil.Basetest - Validate Click on ingrediant drop is clickable
11:50:06.754 [main] INFO  com.demo.baseutil.Basetest - Clicked on : Click on ingrediant drop
11:50:08.772 [main] INFO  com.demo.baseutil.Basetest - Validate Click on ingrediant value is clickable
11:50:11.478 [main] INFO  com.demo.baseutil.Basetest - Clicked on : Click on ingrediant value
11:50:13.512 [main] INFO  com.demo.baseutil.Basetest - Scroll down
11:50:15.546 [main] INFO  com.demo.baseutil.Basetest - Scroll down
11:50:15.546 [main] INFO  com.demo.baseutil.Basetest - Validate Click on ingrediant name is clickable
11:50:18.400 [main] INFO  com.demo.baseutil.Basetest - Clicked on : Click on ingrediant name
11:50:18.402 [main] INFO  com.demo.baseutil.Basetest - Validate Click on ingrediant name is clickable
11:50:21.074 [main] INFO  com.demo.baseutil.Basetest - Clicked on : Click on ingrediant name
11:50:21.075 [main] INFO  com.demo.baseutil.Basetest - Validate Click on ingrediant name is clickable
11:50:23.807 [main] INFO  com.demo.baseutil.Basetest - Clicked on : Click on ingrediant name
11:50:23.809 [main] INFO  com.demo.baseutil.Basetest - Enter the value into price is entered
11:50:24.393 [main] INFO  com.demo.baseutil.Basetest - 1 typed into price is entered
11:50:24.395 [main] INFO  com.demo.baseutil.Basetest - Validate Click on currency is clickable
11:50:26.985 [main] INFO  com.demo.baseutil.Basetest - Clicked on : Click on currency
11:50:27.013 [main] INFO  com.demo.baseutil.Basetest - Scroll down
11:50:27.014 [main] INFO  com.demo.baseutil.Basetest - Validate Click on currency value is clickable
11:50:29.829 [main] INFO  com.demo.baseutil.Basetest - Clicked on : Click on currency value
11:50:29.830 [main] INFO  com.demo.baseutil.Basetest - Validate Click on typepacking value is clickable
11:50:32.353 [main] INFO  com.demo.baseutil.Basetest - Clicked on : Click on typepacking value
11:50:32.355 [main] INFO  com.demo.baseutil.Basetest - Enter the value into typepacking is entered
11:50:32.779 [main] INFO  com.demo.baseutil.Basetest - 1 typed into typepacking is entered
11:50:32.782 [main] INFO  com.demo.baseutil.Basetest - Validate Click on length value is clickable
11:50:35.284 [main] INFO  com.demo.baseutil.Basetest - Clicked on : Click on length value
11:50:35.285 [main] INFO  com.demo.baseutil.Basetest - Enter the value into length is entered
11:50:35.807 [main] INFO  com.demo.baseutil.Basetest - 1 typed into length is entered
11:50:35.807 [main] INFO  com.demo.baseutil.Basetest - Validate Click on breath value is clickable
11:50:38.403 [main] INFO  com.demo.baseutil.Basetest - Clicked on : Click on breath value
11:50:38.404 [main] INFO  com.demo.baseutil.Basetest - Enter the value into breath is entered
11:50:38.881 [main] INFO  com.demo.baseutil.Basetest - 1 typed into breath is entered
11:50:38.892 [main] INFO  com.demo.baseutil.Basetest - Validate Click on height value is clickable
11:50:41.421 [main] INFO  com.demo.baseutil.Basetest - Clicked on : Click on height value
11:50:41.422 [main] INFO  com.demo.baseutil.Basetest - Enter the value into height is entered
11:50:41.891 [main] INFO  com.demo.baseutil.Basetest - 1 typed into height is entered
11:50:43.929 [main] INFO  com.demo.baseutil.Basetest - Scroll down
11:50:46.110 [main] INFO  com.demo.baseutil.Basetest - Scroll down
11:50:46.112 [main] INFO  com.demo.baseutil.Basetest - Validate Click on checkbox1 is clickable
11:50:49.020 [main] INFO  com.demo.baseutil.Basetest - Clicked on : Click on checkbox1
11:50:49.053 [main] INFO  com.demo.baseutil.Basetest - Scroll down
11:50:55.221 [main] INFO  com.demo.baseutil.Basetest - Scroll down
11:50:55.222 [main] INFO  com.demo.baseutil.Basetest - Validate Click on gln1 is clickable
11:50:57.916 [main] INFO  com.demo.baseutil.Basetest - Clicked on : Click on gln1
11:50:57.919 [main] INFO  com.demo.baseutil.Basetest - Enter the value into gln1 is entered
11:50:58.546 [main] INFO  com.demo.baseutil.Basetest - 0956265002424 typed into gln1 is entered
11:51:02.557 [main] INFO  com.demo.baseutil.Basetest - Validate Click on autosearch is clickable
11:51:05.174 [main] INFO  com.demo.baseutil.Basetest - Clicked on : Click on autosearch
11:51:07.192 [main] INFO  com.demo.baseutil.Basetest - Validate Click on gln2 is clickable
11:51:09.811 [main] INFO  com.demo.baseutil.Basetest - Clicked on : Click on gln2
11:51:09.814 [main] INFO  com.demo.baseutil.Basetest - Enter the value into gln2 is entered
11:51:10.297 [main] INFO  com.demo.baseutil.Basetest - 0956265002424 typed into gln2 is entered
11:51:12.307 [main] INFO  com.demo.baseutil.Basetest - Validate Click on autosearch is clickable
11:51:14.982 [main] INFO  com.demo.baseutil.Basetest - Clicked on : Click on autosearch
11:51:16.992 [main] INFO  com.demo.baseutil.Basetest - Validate Click on gln3 is clickable
11:51:19.653 [main] INFO  com.demo.baseutil.Basetest - Clicked on : Click on gln3
11:51:19.655 [main] INFO  com.demo.baseutil.Basetest - Enter the value into gln3 is entered
11:51:20.215 [main] INFO  com.demo.baseutil.Basetest - 0956265002424 typed into gln3 is entered
11:51:22.217 [main] INFO  com.demo.baseutil.Basetest - Validate Click on autosearch is clickable
11:51:24.735 [main] INFO  com.demo.baseutil.Basetest - Clicked on : Click on autosearch
11:51:30.806 [main] INFO  com.demo.baseutil.Basetest - Scroll down
11:51:32.819 [main] INFO  com.demo.baseutil.Basetest - Validate Click on registerproduct is clickable
11:51:35.910 [main] INFO  com.demo.baseutil.Basetest - Clicked on : Click on registerproduct
11:51:36.888 [main] INFO  com.demo.baseutil.Basetest - Browser is closed sucessfuly
