19:18:03.912 [main] INFO  com.demo.baseutil.Basetest - 
19:18:03.920 [main] INFO  com.demo.baseutil.Basetest - Running locally JavaMail
19:18:03.999 [main] INFO  com.demo.baseutil.Basetest2 - Folder creation for Extent
19:18:04.005 [main] INFO  com.demo.baseutil.Basetest - ExtentDir:-C:\Users\Deepti Jindal\eclipse-workspace\com.NFR.Trace/reports/Automation Report- 03_20_2024_19_18_04/Report/03_20_2024_19_18_04
19:18:04.085 [main] INFO  com.demo.baseutil.Basetest - Report Initiated
19:18:04.086 [main] INFO  com.demo.baseutil.Basetest - Screenshot folder created
19:18:27.455 [main] INFO  com.demo.baseutil.Basetest - Validate Sign in with FarmtoPlate account is clickable
19:18:29.902 [main] INFO  com.demo.baseutil.Basetest - Clicked on : Sign in with FarmtoPlate account
19:18:29.918 [main] INFO  com.demo.baseutil.Basetest - Url contains farmtoplateapps.io/login
19:18:29.926 [main] INFO  com.demo.baseutil.Basetest - Sign in title matched
19:18:29.926 [main] INFO  com.demo.baseutil.Basetest - UI verified for Sigin page.
19:18:29.926 [main] INFO  com.demo.baseutil.Basetest - Sign in function call
19:18:29.926 [main] INFO  com.demo.baseutil.Basetest - Validate email address field is clicked is clickable
19:18:32.224 [main] INFO  com.demo.baseutil.Basetest - Clicked on : email address field is clicked
19:18:32.225 [main] INFO  com.demo.baseutil.Basetest - Enter the value into Email Id Entered
19:18:32.590 [main] INFO  com.demo.baseutil.Basetest - 139@yopmail.com typed into Email Id Entered
19:18:32.591 [main] INFO  com.demo.baseutil.Basetest - Validate Enter the password is clickable
19:18:34.945 [main] INFO  com.demo.baseutil.Basetest - Clicked on : Enter the password
19:18:34.946 [main] INFO  com.demo.baseutil.Basetest - Enter the value into Password Id Entered
19:18:35.185 [main] INFO  com.demo.baseutil.Basetest - Admin@1234 typed into Password Id Entered
19:18:35.186 [main] INFO  com.demo.baseutil.Basetest - Validate Press the signin button is clickable
19:18:38.094 [main] INFO  com.demo.baseutil.Basetest - Clicked on : Press the signin button
19:18:38.100 [main] INFO  com.demo.baseutil.Basetest - HomePage title  is matched
19:18:39.398 [main] INFO  com.demo.baseutil.Basetest - Browser is closed sucessfuly
19:19:10.484 [main] INFO  com.demo.baseutil.Basetest - Validate click on trace is clickable
19:19:44.496 [main] ERROR com.demo.baseutil.Basetest - click on trace is not clickable
19:19:44.499 [main] ERROR com.demo.baseutil.Basetest - Unable to click on click on trace
