18:38:21.335 [main] INFO  com.demo.baseutil.Basetest - 
18:38:21.345 [main] INFO  com.demo.baseutil.Basetest - Running locally JavaMail
18:38:21.429 [main] INFO  com.demo.baseutil.Basetest2 - Folder creation for Extent
18:38:21.434 [main] INFO  com.demo.baseutil.Basetest - ExtentDir:-C:\Users\Deepti Jindal\eclipse-workspace\com.NFR.Trace/reports/Automation Report- 03_22_2024_18_38_21/Report/03_22_2024_18_38_21
18:38:21.524 [main] INFO  com.demo.baseutil.Basetest - Report Initiated
18:38:21.525 [main] INFO  com.demo.baseutil.Basetest - Screenshot folder created
18:38:44.819 [main] INFO  com.demo.baseutil.Basetest - Validate Sign in with FarmtoPlate account is clickable
18:38:47.123 [main] INFO  com.demo.baseutil.Basetest - Clicked on : Sign in with FarmtoPlate account
18:38:47.142 [main] INFO  com.demo.baseutil.Basetest - Url contains farmtoplateapps.io/login
18:38:47.154 [main] INFO  com.demo.baseutil.Basetest - Sign in title matched
18:38:47.154 [main] INFO  com.demo.baseutil.Basetest - UI verified for Sigin page.
18:38:47.154 [main] INFO  com.demo.baseutil.Basetest - Sign in function call
18:38:47.154 [main] INFO  com.demo.baseutil.Basetest - Validate email address field is clicked is clickable
18:38:49.503 [main] INFO  com.demo.baseutil.Basetest - Clicked on : email address field is clicked
18:38:49.504 [main] INFO  com.demo.baseutil.Basetest - Enter the value into Email Id Entered
18:38:49.741 [main] INFO  com.demo.baseutil.Basetest - 139@yopmail.com typed into Email Id Entered
18:38:49.741 [main] INFO  com.demo.baseutil.Basetest - Validate Enter the password is clickable
18:38:51.969 [main] INFO  com.demo.baseutil.Basetest - Clicked on : Enter the password
18:38:51.969 [main] INFO  com.demo.baseutil.Basetest - Enter the value into Password Id Entered
18:38:52.204 [main] INFO  com.demo.baseutil.Basetest - Admin@1234 typed into Password Id Entered
18:38:52.205 [main] INFO  com.demo.baseutil.Basetest - Validate Press the signin button is clickable
18:38:55.082 [main] INFO  com.demo.baseutil.Basetest - Clicked on : Press the signin button
18:38:57.085 [main] INFO  com.demo.baseutil.Basetest - HomePage title  is matched
18:39:07.124 [main] INFO  com.demo.baseutil.Basetest - Validate click on trace is clickable
18:39:09.650 [main] INFO  com.demo.baseutil.Basetest - Clicked on : click on trace
18:39:13.691 [main] INFO  com.demo.baseutil.Basetest - Scroll down
18:39:13.691 [main] INFO  com.demo.baseutil.Basetest - Validate Asset & Infrastructure Data is clicked is clickable
18:39:15.276 [main] INFO  com.demo.baseutil.Basetest - Browser is closed sucessfuly
18:39:22.174 [main] ERROR com.demo.baseutil.Basetest - Failed to launch the Browser
18:39:22.177 [main] INFO  com.demo.baseutil.Basetest - Validate Sign in with FarmtoPlate account is clickable
18:39:52.498 [main] ERROR com.demo.baseutil.Basetest - Sign in with FarmtoPlate account is not clickable
18:39:52.499 [main] ERROR com.demo.baseutil.Basetest - Unable to click on Sign in with FarmtoPlate account
