17:50:30.990 [main] INFO  com.demo.baseutil.Basetest - 
17:50:30.999 [main] INFO  com.demo.baseutil.Basetest - Running locally JavaMail
17:50:31.100 [main] INFO  com.demo.baseutil.Basetest - Folder creation for Extent
17:50:31.106 [main] INFO  com.demo.baseutil.Basetest - ExtentDir:-C:\Users\Deepti Jindal\eclipse-workspace\com.NFR.Trace/reports/Automation Report- 02_27_2024_17_50_31/Report/02_27_2024_17_50_31
17:50:31.207 [main] INFO  com.demo.baseutil.Basetest - Report Initiated
17:50:31.209 [main] INFO  com.demo.baseutil.Basetest - Screenshot folder created
17:51:01.253 [main] INFO  com.demo.testscripts.TracetestScript - Validate Sign in with FarmtoPlate account is clickable
17:51:01.587 [main] INFO  com.demo.testscripts.TracetestScript - Clicked on : Sign in with FarmtoPlate account
17:51:01.604 [main] INFO  com.demo.testscripts.TracetestScript - Url contains farmtoplateapps.io/login
17:51:01.618 [main] INFO  com.demo.testscripts.TracetestScript - Sign in title matched
17:51:01.619 [main] INFO  com.demo.testscripts.TracetestScript - UI verified for Sigin page.
17:51:02.126 [main] INFO  com.demo.testscripts.TracetestScript - Sign in function call
17:51:02.127 [main] INFO  com.demo.testscripts.TracetestScript - Validate email address field is clicked is clickable
17:51:02.487 [main] INFO  com.demo.testscripts.TracetestScript - Clicked on : email address field is clicked
17:51:02.488 [main] INFO  com.demo.testscripts.TracetestScript - Enter the value into Email Id Entered
17:51:03.470 [main] INFO  com.demo.testscripts.TracetestScript - utsav@paramountsoft.net typed into Email Id Entered
17:51:03.470 [main] INFO  com.demo.testscripts.TracetestScript - Validate Enter the password is clickable
17:51:03.733 [main] INFO  com.demo.testscripts.TracetestScript - Clicked on : Enter the password
17:51:03.733 [main] INFO  com.demo.testscripts.TracetestScript - Enter the value into Password Id Entered
17:51:04.064 [main] INFO  com.demo.testscripts.TracetestScript - Admin@1234 typed into Password Id Entered
17:51:04.065 [main] INFO  com.demo.testscripts.TracetestScript - Validate Press the signin button is clickable
17:51:04.841 [main] INFO  com.demo.testscripts.TracetestScript - Clicked on : Press the signin button
17:51:04.849 [main] INFO  com.demo.testscripts.TracetestScript - HomePage title  is matched
17:51:06.122 [main] INFO  com.demo.testscripts.TracetestScript - Validate Click on profile account is clickable
17:51:52.147 [main] ERROR com.demo.testscripts.TracetestScript - Click on profile account is not clickable
17:51:52.147 [main] ERROR com.demo.testscripts.TracetestScript - Unable to click on Click on profile account
