11:40:22.802 [main] INFO  com.demo.baseutil.Basetest - 
11:40:22.814 [main] INFO  com.demo.baseutil.Basetest - Running locally JavaMail
11:40:22.959 [main] INFO  com.demo.baseutil.Basetest2 - Folder creation for Extent
11:40:22.968 [main] INFO  com.demo.baseutil.Basetest - ExtentDir:-C:\Users\Deepti Jindal\eclipse-workspace\com.NFR.Trace/reports/Automation Report- 03_21_2024_11_40_22/Report/03_21_2024_11_40_22
11:40:23.148 [main] INFO  com.demo.baseutil.Basetest - Report Initiated
11:40:23.150 [main] INFO  com.demo.baseutil.Basetest - Screenshot folder created
11:40:49.649 [main] INFO  com.demo.baseutil.Basetest - Validate Sign in with FarmtoPlate account is clickable
11:40:52.283 [main] INFO  com.demo.baseutil.Basetest - Clicked on : Sign in with FarmtoPlate account
11:40:52.314 [main] INFO  com.demo.baseutil.Basetest - Url contains farmtoplateapps.io/login
11:40:52.329 [main] INFO  com.demo.baseutil.Basetest - Sign in title matched
11:40:52.330 [main] INFO  com.demo.baseutil.Basetest - UI verified for Sigin page.
11:40:52.330 [main] INFO  com.demo.baseutil.Basetest - Sign in function call
11:40:52.331 [main] INFO  com.demo.baseutil.Basetest - Validate email address field is clicked is clickable
11:40:54.905 [main] INFO  com.demo.baseutil.Basetest - Clicked on : email address field is clicked
11:40:54.906 [main] INFO  com.demo.baseutil.Basetest - Enter the value into Email Id Entered
11:40:55.473 [main] INFO  com.demo.baseutil.Basetest - 139@yopmail.com typed into Email Id Entered
11:40:55.473 [main] INFO  com.demo.baseutil.Basetest - Validate Enter the password is clickable
11:40:58.051 [main] INFO  com.demo.baseutil.Basetest - Clicked on : Enter the password
11:40:58.052 [main] INFO  com.demo.baseutil.Basetest - Enter the value into Password Id Entered
11:40:58.516 [main] INFO  com.demo.baseutil.Basetest - Admin@1234 typed into Password Id Entered
11:40:58.518 [main] INFO  com.demo.baseutil.Basetest - Validate Press the signin button is clickable
11:41:02.506 [main] INFO  com.demo.baseutil.Basetest - Clicked on : Press the signin button
11:41:08.479 [main] INFO  com.demo.baseutil.Basetest - HomePage title  is matched
11:41:18.499 [main] INFO  com.demo.baseutil.Basetest - Validate click on trace is clickable
11:41:21.094 [main] INFO  com.demo.baseutil.Basetest - Clicked on : click on trace
11:41:23.117 [main] INFO  com.demo.baseutil.Basetest - Validate click on dashboard is clickable
11:42:04.512 [main] ERROR com.demo.baseutil.Basetest - click on dashboard is not clickable
11:42:04.513 [main] ERROR com.demo.baseutil.Basetest - Unable to click on click on dashboard
