11:55:09.684 [main] INFO  com.demo.baseutil.Basetest - 
11:55:09.693 [main] INFO  com.demo.baseutil.Basetest - Running locally JavaMail
11:55:09.880 [main] INFO  com.demo.baseutil.Basetest2 - Folder creation for Extent
11:55:09.891 [main] INFO  com.demo.baseutil.Basetest - ExtentDir:-C:\Users\Deepti Jindal\eclipse-workspace\com.NFR.Trace/reports/Automation Report- 03_21_2024_11_55_09/Report/03_21_2024_11_55_09
11:55:10.143 [main] INFO  com.demo.baseutil.Basetest - Report Initiated
11:55:10.146 [main] INFO  com.demo.baseutil.Basetest - Screenshot folder created
11:55:50.714 [main] INFO  com.demo.baseutil.Basetest - Validate Sign in with FarmtoPlate account is clickable
11:55:54.853 [main] INFO  com.demo.baseutil.Basetest - Clicked on : Sign in with FarmtoPlate account
11:55:54.963 [main] INFO  com.demo.baseutil.Basetest - Url contains farmtoplateapps.io/login
11:55:54.999 [main] INFO  com.demo.baseutil.Basetest - Sign in title matched
11:55:54.999 [main] INFO  com.demo.baseutil.Basetest - UI verified for Sigin page.
11:55:55.000 [main] INFO  com.demo.baseutil.Basetest - Sign in function call
11:55:55.000 [main] INFO  com.demo.baseutil.Basetest - Validate email address field is clicked is clickable
11:55:57.703 [main] INFO  com.demo.baseutil.Basetest - Clicked on : email address field is clicked
11:55:57.704 [main] INFO  com.demo.baseutil.Basetest - Enter the value into Email Id Entered
11:55:58.326 [main] INFO  com.demo.baseutil.Basetest - 139@yopmail.com typed into Email Id Entered
11:55:58.328 [main] INFO  com.demo.baseutil.Basetest - Validate Enter the password is clickable
11:56:00.830 [main] INFO  com.demo.baseutil.Basetest - Clicked on : Enter the password
11:56:00.831 [main] INFO  com.demo.baseutil.Basetest - Enter the value into Password Id Entered
11:56:01.302 [main] INFO  com.demo.baseutil.Basetest - Admin@1234 typed into Password Id Entered
11:56:01.302 [main] INFO  com.demo.baseutil.Basetest - Validate Press the signin button is clickable
11:56:05.457 [main] INFO  com.demo.baseutil.Basetest - Clicked on : Press the signin button
11:56:07.472 [main] INFO  com.demo.baseutil.Basetest - HomePage title  is matched
11:56:17.511 [main] INFO  com.demo.baseutil.Basetest - Validate click on trace is clickable
11:56:23.920 [main] INFO  com.demo.baseutil.Basetest - Clicked on : click on trace
11:56:25.939 [main] INFO  com.demo.baseutil.Basetest - Validate click on dashboard is clickable
11:57:07.398 [main] ERROR com.demo.baseutil.Basetest - click on dashboard is not clickable
11:57:07.413 [main] ERROR com.demo.baseutil.Basetest - Unable to click on click on dashboard
11:57:49.929 [main] INFO  com.demo.baseutil.Basetest - Browser is closed sucessfuly
