11:51:18.448 [main] INFO  com.demo.baseutil.Basetest - 
11:51:18.457 [main] INFO  com.demo.baseutil.Basetest - Running locally JavaMail
11:51:18.631 [main] INFO  com.demo.baseutil.Basetest2 - Folder creation for Extent
11:51:18.642 [main] INFO  com.demo.baseutil.Basetest - ExtentDir:-C:\Users\Deepti Jindal\eclipse-workspace\com.NFR.Trace/reports/Automation Report- 03_21_2024_11_51_18/Report/03_21_2024_11_51_18
11:51:18.782 [main] INFO  com.demo.baseutil.Basetest - Report Initiated
11:51:18.783 [main] INFO  com.demo.baseutil.Basetest - Screenshot folder created
11:51:45.666 [main] INFO  com.demo.baseutil.Basetest - Validate Sign in with FarmtoPlate account is clickable
11:51:48.281 [main] INFO  com.demo.baseutil.Basetest - Clicked on : Sign in with FarmtoPlate account
11:51:48.325 [main] INFO  com.demo.baseutil.Basetest - Url contains farmtoplateapps.io/login
11:51:48.374 [main] INFO  com.demo.baseutil.Basetest - Sign in title matched
11:51:48.376 [main] INFO  com.demo.baseutil.Basetest - UI verified for Sigin page.
11:51:48.376 [main] INFO  com.demo.baseutil.Basetest - Sign in function call
11:51:48.377 [main] INFO  com.demo.baseutil.Basetest - Validate email address field is clicked is clickable
11:51:51.143 [main] INFO  com.demo.baseutil.Basetest - Clicked on : email address field is clicked
11:51:51.144 [main] INFO  com.demo.baseutil.Basetest - Enter the value into Email Id Entered
11:51:51.699 [main] INFO  com.demo.baseutil.Basetest - 139@yopmail.com typed into Email Id Entered
11:51:51.700 [main] INFO  com.demo.baseutil.Basetest - Validate Enter the password is clickable
11:51:54.266 [main] INFO  com.demo.baseutil.Basetest - Clicked on : Enter the password
11:51:54.267 [main] INFO  com.demo.baseutil.Basetest - Enter the value into Password Id Entered
11:51:54.685 [main] INFO  com.demo.baseutil.Basetest - Admin@1234 typed into Password Id Entered
11:51:54.687 [main] INFO  com.demo.baseutil.Basetest - Validate Press the signin button is clickable
11:51:58.140 [main] INFO  com.demo.baseutil.Basetest - Clicked on : Press the signin button
11:52:03.098 [main] INFO  com.demo.baseutil.Basetest - HomePage title  is matched
11:52:13.128 [main] INFO  com.demo.baseutil.Basetest - Validate click on trace is clickable
11:52:15.883 [main] INFO  com.demo.baseutil.Basetest - Clicked on : click on trace
11:52:17.898 [main] INFO  com.demo.baseutil.Basetest - Validate click on dashboard is clickable
11:52:59.283 [main] ERROR com.demo.baseutil.Basetest - click on dashboard is not clickable
11:52:59.288 [main] ERROR com.demo.baseutil.Basetest - Unable to click on click on dashboard
11:53:41.308 [main] INFO  com.demo.baseutil.Basetest - Browser is closed sucessfuly
