11:35:30.178 [main] INFO  com.demo.baseutil.Basetest - 
11:35:30.194 [main] INFO  com.demo.baseutil.Basetest - Running locally JavaMail
11:35:30.378 [main] INFO  com.demo.baseutil.Basetest2 - Folder creation for Extent
11:35:30.387 [main] INFO  com.demo.baseutil.Basetest - ExtentDir:-C:\Users\Deepti Jindal\eclipse-workspace\com.NFR.Trace/reports/Automation Report- 03_22_2024_11_35_30/Report/03_22_2024_11_35_30
11:35:30.569 [main] INFO  com.demo.baseutil.Basetest - Report Initiated
11:35:30.572 [main] INFO  com.demo.baseutil.Basetest - Screenshot folder created
11:36:11.788 [main] INFO  com.demo.baseutil.Basetest - Validate Sign in with FarmtoPlate account is clickable
11:36:14.611 [main] INFO  com.demo.baseutil.Basetest - Clicked on : Sign in with FarmtoPlate account
11:36:14.684 [main] INFO  com.demo.baseutil.Basetest - Url contains farmtoplateapps.io/login
11:36:14.721 [main] INFO  com.demo.baseutil.Basetest - Sign in title matched
11:36:14.722 [main] INFO  com.demo.baseutil.Basetest - UI verified for Sigin page.
11:36:14.722 [main] INFO  com.demo.baseutil.Basetest - Sign in function call
11:36:14.722 [main] INFO  com.demo.baseutil.Basetest - Validate email address field is clicked is clickable
11:36:17.480 [main] INFO  com.demo.baseutil.Basetest - Clicked on : email address field is clicked
11:36:17.480 [main] INFO  com.demo.baseutil.Basetest - Enter the value into Email Id Entered
11:36:17.922 [main] INFO  com.demo.baseutil.Basetest - 139@yopmail.com typed into Email Id Entered
11:36:17.923 [main] INFO  com.demo.baseutil.Basetest - Validate Enter the password is clickable
11:36:20.450 [main] INFO  com.demo.baseutil.Basetest - Clicked on : Enter the password
11:36:20.451 [main] INFO  com.demo.baseutil.Basetest - Enter the value into Password Id Entered
11:36:20.761 [main] INFO  com.demo.baseutil.Basetest - Admin@1234 typed into Password Id Entered
11:36:20.762 [main] INFO  com.demo.baseutil.Basetest - Validate Press the signin button is clickable
11:36:24.229 [main] INFO  com.demo.baseutil.Basetest - Clicked on : Press the signin button
11:36:26.303 [main] INFO  com.demo.baseutil.Basetest - HomePage title  is matched
11:36:36.362 [main] INFO  com.demo.baseutil.Basetest - Validate click on trace is clickable
11:37:18.705 [main] ERROR com.demo.baseutil.Basetest - click on trace is not clickable
11:37:18.714 [main] ERROR com.demo.baseutil.Basetest - Unable to click on click on trace
11:38:01.895 [main] INFO  com.demo.baseutil.Basetest - Browser is closed sucessfuly
