11:36:27.520 [main] INFO  com.demo.baseutil.Basetest - 
11:36:27.526 [main] INFO  com.demo.baseutil.Basetest - Running locally JavaMail
11:36:27.642 [main] INFO  com.demo.baseutil.Basetest - Folder creation for Extent
11:36:27.649 [main] INFO  com.demo.baseutil.Basetest - ExtentDir:-C:\Users\Deepti Jindal\eclipse-workspace\com.NFR.Trace/reports/Automation Report- 02_27_2024_11_36_27/Report/02_27_2024_11_36_27
11:36:27.776 [main] INFO  com.demo.baseutil.Basetest - Report Initiated
11:36:27.777 [main] INFO  com.demo.baseutil.Basetest - Screenshot folder created
11:36:58.602 [main] INFO  com.demo.testscripts.TracetestScript - Sign in function call
11:36:58.602 [main] INFO  com.demo.testscripts.TracetestScript - Validate email address field is clicked is clickable
11:36:59.494 [main] INFO  com.demo.testscripts.TracetestScript - Clicked on : email address field is clicked
11:36:59.505 [main] INFO  com.demo.testscripts.TracetestScript - Enter the value into Email Id Entered
11:37:00.021 [main] INFO  com.demo.testscripts.TracetestScript - utsav@paramountsoft.net typed into Email Id Entered
11:37:00.022 [main] INFO  com.demo.testscripts.TracetestScript - Validate Enter the password is clickable
11:37:00.262 [main] INFO  com.demo.testscripts.TracetestScript - Clicked on : Enter the password
11:37:00.263 [main] INFO  com.demo.testscripts.TracetestScript - Enter the value into Password Id Entered
11:37:00.590 [main] INFO  com.demo.testscripts.TracetestScript - Admin@1234 typed into Password Id Entered
11:37:00.591 [main] INFO  com.demo.testscripts.TracetestScript - Validate Press the signin button is clickable
11:37:01.476 [main] INFO  com.demo.testscripts.TracetestScript - Clicked on : Press the signin button
11:37:01.489 [main] INFO  com.demo.testscripts.TracetestScript - HomePage title  is matched
11:37:01.848 [main] INFO  com.demo.testscripts.TracetestScript - Validate Logout the Farm2Plate account is clickable
11:37:32.348 [main] ERROR com.demo.testscripts.TracetestScript - Logout the Farm2Plate account is not clickable
11:37:32.348 [main] ERROR com.demo.testscripts.TracetestScript - Unable to click on Logout the Farm2Plate account
