12:53:59.275 [main] INFO  com.demo.baseutil.Basetest - 
12:53:59.292 [main] INFO  com.demo.baseutil.Basetest - Running locally JavaMail
12:53:59.490 [main] INFO  com.demo.baseutil.Basetest - Folder creation for Extent
12:53:59.495 [main] INFO  com.demo.baseutil.Basetest - ExtentDir:-C:\Users\Deepti Jindal\eclipse-workspace\com.NFR.Trace/reports/Automation Report- 02_27_2024_12_53_59/Report/02_27_2024_12_53_59
12:53:59.676 [main] INFO  com.demo.baseutil.Basetest - Report Initiated
12:53:59.680 [main] INFO  com.demo.baseutil.Basetest - Screenshot folder created
12:54:24.094 [main] INFO  com.demo.testscripts.TracetestScript - Sign in function call
12:54:24.094 [main] INFO  com.demo.testscripts.TracetestScript - Validate email address field is clicked is clickable
12:54:25.062 [main] INFO  com.demo.testscripts.TracetestScript - Clicked on : email address field is clicked
12:54:25.084 [main] INFO  com.demo.testscripts.TracetestScript - Enter the value into Email Id Entered
12:54:25.852 [main] INFO  com.demo.testscripts.TracetestScript - utsav@paramountsoft.net typed into Email Id Entered
12:54:25.852 [main] INFO  com.demo.testscripts.TracetestScript - Validate Enter the password is clickable
12:54:26.140 [main] INFO  com.demo.testscripts.TracetestScript - Clicked on : Enter the password
12:54:26.141 [main] INFO  com.demo.testscripts.TracetestScript - Enter the value into Password Id Entered
12:54:26.498 [main] INFO  com.demo.testscripts.TracetestScript - Admin@1234 typed into Password Id Entered
12:54:26.499 [main] INFO  com.demo.testscripts.TracetestScript - Validate Press the signin button is clickable
12:54:27.869 [main] INFO  com.demo.testscripts.TracetestScript - Clicked on : Press the signin button
12:54:27.882 [main] INFO  com.demo.testscripts.TracetestScript - HomePage title  is matched
12:54:36.062 [main] INFO  com.demo.testscripts.TracetestScript - Validate Click on profile account is clickable
12:55:14.399 [main] ERROR com.demo.testscripts.TracetestScript - Click on profile account is not clickable
12:55:14.399 [main] ERROR com.demo.testscripts.TracetestScript - Unable to click on Click on profile account
