18:12:41.940 [main] INFO  com.demo.baseutil.Basetest - 
18:12:41.950 [main] INFO  com.demo.baseutil.Basetest - Running locally JavaMail
18:12:42.111 [main] INFO  com.demo.baseutil.Basetest2 - Folder creation for Extent
18:12:42.123 [main] INFO  com.demo.baseutil.Basetest - ExtentDir:-C:\Users\Deepti Jindal\eclipse-workspace\com.NFR.Trace/reports/Automation Report- 03_26_2024_18_12_42/Report/03_26_2024_18_12_42
18:12:42.244 [main] INFO  com.demo.baseutil.Basetest - Report Initiated
18:12:42.245 [main] INFO  com.demo.baseutil.Basetest - Screenshot folder created
18:13:11.172 [main] INFO  com.demo.baseutil.Basetest - Validate Sign in with FarmtoPlate account is clickable
18:13:13.930 [main] INFO  com.demo.baseutil.Basetest - Clicked on : Sign in with FarmtoPlate account
18:13:13.955 [main] INFO  com.demo.baseutil.Basetest - Url contains farmtoplateapps.io/login
18:13:13.969 [main] INFO  com.demo.baseutil.Basetest - Sign in title matched
18:13:13.969 [main] INFO  com.demo.baseutil.Basetest - UI verified for Sigin page.
18:13:13.969 [main] INFO  com.demo.baseutil.Basetest - Sign in function call
18:13:13.969 [main] INFO  com.demo.baseutil.Basetest - Validate email address field is clicked is clickable
18:13:16.353 [main] INFO  com.demo.baseutil.Basetest - Clicked on : email address field is clicked
18:13:16.354 [main] INFO  com.demo.baseutil.Basetest - Enter the value into Email Id Entered
18:13:16.843 [main] INFO  com.demo.baseutil.Basetest - 139@yopmail.com typed into Email Id Entered
18:13:16.844 [main] INFO  com.demo.baseutil.Basetest - Validate Enter the password is clickable
18:13:19.216 [main] INFO  com.demo.baseutil.Basetest - Clicked on : Enter the password
18:13:19.216 [main] INFO  com.demo.baseutil.Basetest - Enter the value into Password Id Entered
18:13:19.621 [main] INFO  com.demo.baseutil.Basetest - Admin@1234 typed into Password Id Entered
18:13:19.621 [main] INFO  com.demo.baseutil.Basetest - Validate Press the signin button is clickable
18:13:22.436 [main] INFO  com.demo.baseutil.Basetest - Clicked on : Press the signin button
18:13:26.635 [main] INFO  com.demo.baseutil.Basetest - HomePage title  is matched
18:13:36.654 [main] INFO  com.demo.baseutil.Basetest - Validate click on trace is clickable
18:13:39.207 [main] INFO  com.demo.baseutil.Basetest - Clicked on : click on trace
18:13:47.300 [main] INFO  com.demo.baseutil.Basetest - Scroll down
18:13:49.313 [main] INFO  com.demo.baseutil.Basetest - Validate Products is clicked is clickable
18:13:51.900 [main] INFO  com.demo.baseutil.Basetest - Clicked on : Products is clicked
18:13:56.911 [main] INFO  com.demo.baseutil.Basetest - Validate Add new is clicked is clickable
18:13:59.448 [main] INFO  com.demo.baseutil.Basetest - Clicked on : Add new is clicked
18:14:01.454 [main] INFO  com.demo.baseutil.Basetest - Validate Click on productcategory is clickable
18:14:03.937 [main] INFO  com.demo.baseutil.Basetest - Clicked on : Click on productcategory
18:14:03.938 [main] INFO  com.demo.baseutil.Basetest - Validate productbasedfood is clicked is clickable
18:14:06.353 [main] INFO  com.demo.baseutil.Basetest - Clicked on : productbasedfood is clicked
18:14:06.353 [main] INFO  com.demo.baseutil.Basetest - Validate product name is selected is clickable
18:14:08.858 [main] INFO  com.demo.baseutil.Basetest - Clicked on : product name is selected
18:14:08.858 [main] INFO  com.demo.baseutil.Basetest - Enter the value into enter the product
18:14:09.350 [main] INFO  com.demo.baseutil.Basetest - wheat typed into enter the product
18:14:09.351 [main] INFO  com.demo.baseutil.Basetest - Validate Click on productid is clickable
18:14:11.759 [main] INFO  com.demo.baseutil.Basetest - Clicked on : Click on productid
18:14:11.759 [main] INFO  com.demo.baseutil.Basetest - Validate Click on checkbox is clickable
18:14:14.209 [main] INFO  com.demo.baseutil.Basetest - Clicked on : Click on checkbox
18:14:14.209 [main] INFO  com.demo.baseutil.Basetest - Validate Click on autogenerate is clickable
18:14:16.797 [main] INFO  com.demo.baseutil.Basetest - Clicked on : Click on autogenerate
18:14:16.800 [main] INFO  com.demo.baseutil.Basetest - Validate Click on productdesc is clickable
18:14:19.243 [main] INFO  com.demo.baseutil.Basetest - Clicked on : Click on productdesc
18:14:19.243 [main] INFO  com.demo.baseutil.Basetest - Enter the value into Enetered the product desc
18:14:19.586 [main] INFO  com.demo.baseutil.Basetest - test typed into Enetered the product desc
18:14:21.618 [main] INFO  com.demo.baseutil.Basetest - Scroll down
18:14:21.618 [main] INFO  com.demo.baseutil.Basetest - Validate Click on ingrediant name is clickable
18:14:24.109 [main] INFO  com.demo.baseutil.Basetest - Clicked on : Click on ingrediant name
18:14:24.109 [main] INFO  com.demo.baseutil.Basetest - Enter the value into ingredient name is entered
18:14:24.657 [main] INFO  com.demo.baseutil.Basetest - wheat typed into ingredient name is entered
18:14:25.700 [main] INFO  com.demo.baseutil.Basetest - Scroll down
18:14:27.710 [main] INFO  com.demo.baseutil.Basetest - Validate Click on ingrediant name is clickable
18:14:30.208 [main] INFO  com.demo.baseutil.Basetest - Clicked on : Click on ingrediant name
18:14:30.208 [main] INFO  com.demo.baseutil.Basetest - Enter the value into nutri name is entered
18:14:30.583 [main] INFO  com.demo.baseutil.Basetest - fact typed into nutri name is entered
18:14:30.583 [main] INFO  com.demo.baseutil.Basetest - Validate Click on ingrediant QTY is clickable
18:14:32.991 [main] INFO  com.demo.baseutil.Basetest - Clicked on : Click on ingrediant QTY
18:14:32.991 [main] INFO  com.demo.baseutil.Basetest - Enter the value into nutri qty is entered
18:14:33.286 [main] INFO  com.demo.baseutil.Basetest - 1 typed into nutri qty is entered
18:14:33.286 [main] INFO  com.demo.baseutil.Basetest - Validate Click on ingrediant drop is clickable
18:14:35.736 [main] INFO  com.demo.baseutil.Basetest - Clicked on : Click on ingrediant drop
18:14:37.741 [main] INFO  com.demo.baseutil.Basetest - Validate Click on ingrediant value is clickable
18:14:40.199 [main] INFO  com.demo.baseutil.Basetest - Clicked on : Click on ingrediant value
18:14:42.230 [main] INFO  com.demo.baseutil.Basetest - Scroll down
18:14:44.267 [main] INFO  com.demo.baseutil.Basetest - Scroll down
18:14:44.267 [main] INFO  com.demo.baseutil.Basetest - Validate Click on ingrediant name is clickable
18:14:46.714 [main] INFO  com.demo.baseutil.Basetest - Clicked on : Click on ingrediant name
18:14:46.714 [main] INFO  com.demo.baseutil.Basetest - Validate Click on ingrediant name is clickable
18:14:49.264 [main] INFO  com.demo.baseutil.Basetest - Clicked on : Click on ingrediant name
18:14:49.264 [main] INFO  com.demo.baseutil.Basetest - Validate Click on ingrediant name is clickable
18:14:51.744 [main] INFO  com.demo.baseutil.Basetest - Clicked on : Click on ingrediant name
18:14:51.744 [main] INFO  com.demo.baseutil.Basetest - Enter the value into price is entered
18:14:52.092 [main] INFO  com.demo.baseutil.Basetest - 1 typed into price is entered
18:14:52.093 [main] INFO  com.demo.baseutil.Basetest - Validate Click on currency is clickable
18:14:54.538 [main] INFO  com.demo.baseutil.Basetest - Clicked on : Click on currency
18:14:54.575 [main] INFO  com.demo.baseutil.Basetest - Scroll down
18:14:54.575 [main] INFO  com.demo.baseutil.Basetest - Validate Click on currency value is clickable
18:14:57.174 [main] INFO  com.demo.baseutil.Basetest - Clicked on : Click on currency value
18:14:57.174 [main] INFO  com.demo.baseutil.Basetest - Validate Click on typepacking value is clickable
18:14:59.592 [main] INFO  com.demo.baseutil.Basetest - Clicked on : Click on typepacking value
18:14:59.592 [main] INFO  com.demo.baseutil.Basetest - Enter the value into typepacking is entered
18:14:59.952 [main] INFO  com.demo.baseutil.Basetest - 1 typed into typepacking is entered
18:14:59.952 [main] INFO  com.demo.baseutil.Basetest - Validate Click on length value is clickable
18:15:02.490 [main] INFO  com.demo.baseutil.Basetest - Clicked on : Click on length value
18:15:02.490 [main] INFO  com.demo.baseutil.Basetest - Enter the value into length is entered
18:15:02.915 [main] INFO  com.demo.baseutil.Basetest - 1 typed into length is entered
18:15:02.915 [main] INFO  com.demo.baseutil.Basetest - Validate Click on breath value is clickable
18:15:05.374 [main] INFO  com.demo.baseutil.Basetest - Clicked on : Click on breath value
18:15:05.374 [main] INFO  com.demo.baseutil.Basetest - Enter the value into breath is entered
18:15:05.689 [main] INFO  com.demo.baseutil.Basetest - 1 typed into breath is entered
18:15:05.689 [main] INFO  com.demo.baseutil.Basetest - Validate Click on height value is clickable
18:15:08.094 [main] INFO  com.demo.baseutil.Basetest - Clicked on : Click on height value
18:15:08.094 [main] INFO  com.demo.baseutil.Basetest - Enter the value into height is entered
18:15:08.332 [main] INFO  com.demo.baseutil.Basetest - 1 typed into height is entered
18:15:10.372 [main] INFO  com.demo.baseutil.Basetest - Scroll down
18:15:12.407 [main] INFO  com.demo.baseutil.Basetest - Scroll down
18:15:12.407 [main] INFO  com.demo.baseutil.Basetest - Validate Click on checkbox1 is clickable
18:15:15.015 [main] INFO  com.demo.baseutil.Basetest - Clicked on : Click on checkbox1
18:15:15.048 [main] INFO  com.demo.baseutil.Basetest - Scroll down
18:15:21.135 [main] INFO  com.demo.baseutil.Basetest - Scroll down
18:15:23.149 [main] INFO  com.demo.baseutil.Basetest - Validate Click on registerproduct is clickable
18:15:25.664 [main] INFO  com.demo.baseutil.Basetest - Clicked on : Click on registerproduct
18:15:25.969 [main] INFO  com.demo.baseutil.Basetest - Browser is closed sucessfuly
