11:13:57.655 [main] INFO  com.demo.baseutil.Basetest - 
11:13:57.659 [main] INFO  com.demo.baseutil.Basetest - Running locally JavaMail
11:13:57.733 [main] INFO  com.demo.baseutil.Basetest2 - Folder creation for Extent
11:13:57.739 [main] INFO  com.demo.baseutil.Basetest - ExtentDir:-C:\Users\Deepti Jindal\eclipse-workspace\com.NFR.Trace/reports/Automation Report- 03_21_2024_11_13_57/Report/03_21_2024_11_13_57
11:13:57.823 [main] INFO  com.demo.baseutil.Basetest - Report Initiated
11:13:57.825 [main] INFO  com.demo.baseutil.Basetest - Screenshot folder created
11:16:23.907 [main] INFO  com.demo.baseutil.Basetest - Validate Sign in with FarmtoPlate account is clickable
11:16:26.295 [main] INFO  com.demo.baseutil.Basetest - Clicked on : Sign in with FarmtoPlate account
11:16:26.341 [main] INFO  com.demo.baseutil.Basetest - Url contains farmtoplateapps.io/login
11:16:26.350 [main] INFO  com.demo.baseutil.Basetest - Sign in title matched
11:16:26.350 [main] INFO  com.demo.baseutil.Basetest - UI verified for Sigin page.
11:16:26.350 [main] INFO  com.demo.baseutil.Basetest - Sign in function call
11:16:26.350 [main] INFO  com.demo.baseutil.Basetest - Validate email address field is clicked is clickable
11:16:28.590 [main] INFO  com.demo.baseutil.Basetest - Clicked on : email address field is clicked
11:16:28.590 [main] INFO  com.demo.baseutil.Basetest - Enter the value into Email Id Entered
11:16:28.902 [main] INFO  com.demo.baseutil.Basetest - 139@yopmail.com typed into Email Id Entered
11:16:28.903 [main] INFO  com.demo.baseutil.Basetest - Validate Enter the password is clickable
11:16:31.175 [main] INFO  com.demo.baseutil.Basetest - Clicked on : Enter the password
11:16:31.175 [main] INFO  com.demo.baseutil.Basetest - Enter the value into Password Id Entered
11:16:31.371 [main] INFO  com.demo.baseutil.Basetest - Admin@1234 typed into Password Id Entered
11:16:31.372 [main] INFO  com.demo.baseutil.Basetest - Validate Press the signin button is clickable
11:16:34.068 [main] INFO  com.demo.baseutil.Basetest - Clicked on : Press the signin button
11:16:39.896 [main] INFO  com.demo.baseutil.Basetest - HomePage title  is matched
11:16:49.919 [main] INFO  com.demo.baseutil.Basetest - Validate click on trace is clickable
11:16:52.363 [main] INFO  com.demo.baseutil.Basetest - Clicked on : click on trace
11:16:54.373 [main] INFO  com.demo.baseutil.Basetest - Validate click on dashboard is clickable
11:17:35.672 [main] ERROR com.demo.baseutil.Basetest - click on dashboard is not clickable
11:17:35.672 [main] ERROR com.demo.baseutil.Basetest - Unable to click on click on dashboard
11:18:17.146 [main] INFO  com.demo.baseutil.Basetest - Browser is closed sucessfuly
